#
# There is insufficient memory for the Java Runtime Environment to continue.
# Native memory allocation (mmap) failed to map 69206016 bytes for committing reserved memory.
# Possible reasons:
#   The system is out of physical RAM or swap space
#   The process is running with CompressedOops enabled, and the Java Heap may be blocking the growth of the native heap
# Possible solutions:
#   Reduce memory load on the system
#   Increase physical memory or swap space
#   Check if swap backing store is full
#   Decrease Java heap size (-Xmx/-Xms)
#   Decrease number of Java threads
#   Decrease Java thread stack sizes (-Xss)
#   Set larger code cache with -XX:ReservedCodeCacheSize=
#   JVM is running with Unscaled Compressed Oops mode in which the Java heap is
#     placed in the first 4GB address space. The Java Heap base address is the
#     maximum limit for the native heap growth. Please use -XX:HeapBaseMinAddress
#     to set the Java Heap base and to place the Java Heap above 4GB virtual address.
# This output file may be truncated or incomplete.
#
#  Out of Memory Error (os_linux.cpp:2757), pid=5085, tid=0x00007f09e97e5700
#
# JRE version: OpenJDK Runtime Environment (8.0_242-b08) (build 1.8.0_242-8u242-b08-0ubuntu3~16.04-b08)
# Java VM: OpenJDK 64-Bit Server VM (25.242-b08 mixed mode linux-amd64 compressed oops)
# Failed to write core dump. Core dumps have been disabled. To enable core dumping, try "ulimit -c unlimited" before starting Java again
#

---------------  T H R E A D  ---------------

Current thread (0x00007f0a0007c000):  VMThread [stack: 0x00007f09e96e5000,0x00007f09e97e6000] [id=5095]

Stack: [0x00007f09e96e5000,0x00007f09e97e6000],  sp=0x00007f09e97e4490,  free space=1021k
Native frames: (J=compiled Java code, j=interpreted, Vv=VM code, C=native code)
V  [libjvm.so+0xa7ad8b]
V  [libjvm.so+0x4ccbcc]
V  [libjvm.so+0x8c8a28]
V  [libjvm.so+0x8c006e]
V  [libjvm.so+0x93ddb6]
V  [libjvm.so+0x93f0e3]
V  [libjvm.so+0x93b7c4]
V  [libjvm.so+0x934619]
V  [libjvm.so+0x44eef3]
V  [libjvm.so+0xa7c3a9]
V  [libjvm.so+0xa81b57]
V  [libjvm.so+0xa7f3b7]
V  [libjvm.so+0xa8069f]
V  [libjvm.so+0xa80bc2]
V  [libjvm.so+0x8c5d82]

VM_Operation (0x00007f09e0ced0e0): CollectForMetadataAllocation, mode: safepoint, requested by thread 0x00007f09ac002800


---------------  P R O C E S S  ---------------

Java Threads: ( => current thread )
  0x00007f09ac002800 JavaThread "restartedMain" [_thread_blocked, id=5105, stack(0x00007f09e0bf1000,0x00007f09e0cf2000)]
  0x00007f0a001d6800 JavaThread "Thread-0" [_thread_blocked, id=5104, stack(0x00007f09e0cf2000,0x00007f09e0df3000)]
  0x00007f0a000de000 JavaThread "Service Thread" daemon [_thread_blocked, id=5102, stack(0x00007f09e861f000,0x00007f09e8720000)]
  0x00007f0a000c0800 JavaThread "C1 CompilerThread2" daemon [_thread_blocked, id=5101, stack(0x00007f09e8720000,0x00007f09e8821000)]
  0x00007f0a000bf000 JavaThread "C2 CompilerThread1" daemon [_thread_blocked, id=5100, stack(0x00007f09e8821000,0x00007f09e8922000)]
  0x00007f0a000bc000 JavaThread "C2 CompilerThread0" daemon [_thread_blocked, id=5099, stack(0x00007f09e8922000,0x00007f09e8a23000)]
  0x00007f0a000ba800 JavaThread "Signal Dispatcher" daemon [_thread_blocked, id=5098, stack(0x00007f09e8a23000,0x00007f09e8b24000)]
  0x00007f0a0008a000 JavaThread "Finalizer" daemon [_thread_blocked, id=5097, stack(0x00007f09e94e3000,0x00007f09e95e4000)]
  0x00007f0a00085800 JavaThread "Reference Handler" daemon [_thread_blocked, id=5096, stack(0x00007f09e95e4000,0x00007f09e96e5000)]
  0x00007f0a0000e800 JavaThread "main" [_thread_blocked, id=5090, stack(0x00007f0a082c6000,0x00007f0a083c7000)]

Other Threads:
=>0x00007f0a0007c000 VMThread [stack: 0x00007f09e96e5000,0x00007f09e97e6000] [id=5095]
  0x00007f0a000e0800 WatcherThread [stack: 0x00007f09e851e000,0x00007f09e861f000] [id=5103]

VM state:at safepoint (normal execution)

VM Mutex/Monitor currently owned by a thread:  ([mutex/lock_event])
[0x00007f0a0000a8f0] Threads_lock - owner thread: 0x00007f0a0007c000
[0x00007f0a0000adf0] Heap_lock - owner thread: 0x00007f09ac002800

heap address: 0x00000000c3e00000, size: 962 MB, Compressed Oops mode: 32-bit
Narrow klass base: 0x0000000000000000, Narrow klass shift: 3
Compressed class space size: 1073741824 Address: 0x0000000100000000

Heap:
 PSYoungGen      total 68096K, used 5612K [0x00000000ebf80000, 0x00000000f0880000, 0x0000000100000000)
  eden space 62464K, 0% used [0x00000000ebf80000,0x00000000ebf80000,0x00000000efc80000)
  from space 5632K, 99% used [0x00000000efc80000,0x00000000f01fb270,0x00000000f0200000)
  to   space 4608K, 0% used [0x00000000f0200000,0x00000000f0200000,0x00000000f0680000)
 ParOldGen       total 42496K, used 7105K [0x00000000c3e00000, 0x00000000c6780000, 0x00000000ebf80000)
  object space 42496K, 16% used [0x00000000c3e00000,0x00000000c44f04a8,0x00000000c6780000)
 Metaspace       used 20470K, capacity 21118K, committed 21248K, reserved 1067008K
  class space    used 2590K, capacity 2746K, committed 2816K, reserved 1048576K

Card table byte_map: [0x00007f0a04785000,0x00007f0a04967000] byte_map_base: 0x00007f0a04166000

Marking Bits: (ParMarkBitMap*) 0x00007f0a0758e5c0
 Begin Bits: [0x00007f09ea1f0000, 0x00007f09eb0f8000)
 End Bits:   [0x00007f09eb0f8000, 0x00007f09ec000000)

Polling page: 0x00007f0a083e2000

CodeCache: size=245760Kb used=4972Kb max_used=4975Kb free=240787Kb
 bounds [0x00007f09f1000000, 0x00007f09f14e0000, 0x00007f0a00000000]
 total_blobs=1874 nmethods=1512 adapters=276
 compilation: enabled

Compilation events (10 events):
Event: 12,151 Thread 0x00007f0a000c0800 1513       3       org.springframework.core.annotation.AnnotationTypeMappings::size (10 bytes)
Event: 12,151 Thread 0x00007f0a000c0800 nmethod 1513 0x00007f09f14dc210 code [0x00007f09f14dc380, 0x00007f09f14dc5a8]
Event: 12,151 Thread 0x00007f0a000c0800 1510       3       java.util.Collections$EmptyMap::entrySet (4 bytes)
Event: 12,151 Thread 0x00007f0a000c0800 nmethod 1510 0x00007f09f14dbe50 code [0x00007f09f14dbfc0, 0x00007f09f14dc170]
Event: 12,151 Thread 0x00007f0a000c0800 1514       1       org.springframework.core.annotation.AnnotationTypeMapping::getRoot (5 bytes)
Event: 12,151 Thread 0x00007f0a000c0800 nmethod 1514 0x00007f09f14dbb90 code [0x00007f09f14dbce0, 0x00007f09f14dbdf0]
Event: 12,151 Thread 0x00007f0a000c0800 1515       3       org.springframework.core.annotation.AttributeMethods::forAnnotationType (26 bytes)
Event: 12,155 Thread 0x00007f0a000c0800 nmethod 1515 0x00007f09f14db450 code [0x00007f09f14db5e0, 0x00007f09f14dba48]
Event: 12,155 Thread 0x00007f0a000c0800 1516       3       org.springframework.core.annotation.AnnotationsScanner::getDeclaredAnnotation (55 bytes)
Event: 12,155 Thread 0x00007f0a000c0800 nmethod 1516 0x00007f09f14dad90 code [0x00007f09f14daf20, 0x00007f09f14db2b8]

GC Heap History (10 events):
Event: 1,473 GC heap after
Heap after GC invocations=2 (full 0):
 PSYoungGen      total 18432K, used 2425K [0x00000000ebf80000, 0x00000000ee380000, 0x0000000100000000)
  eden space 15872K, 0% used [0x00000000ebf80000,0x00000000ebf80000,0x00000000ecf00000)
  from space 2560K, 94% used [0x00000000ed180000,0x00000000ed3de568,0x00000000ed400000)
  to   space 2560K, 0% used [0x00000000ecf00000,0x00000000ecf00000,0x00000000ed180000)
 ParOldGen       total 42496K, used 74K [0x00000000c3e00000, 0x00000000c6780000, 0x00000000ebf80000)
  object space 42496K, 0% used [0x00000000c3e00000,0x00000000c3e128d8,0x00000000c6780000)
 Metaspace       used 7282K, capacity 7468K, committed 7552K, reserved 1056768K
  class space    used 812K, capacity 880K, committed 896K, reserved 1048576K
}
Event: 1,484 GC heap before
{Heap before GC invocations=3 (full 0):
 PSYoungGen      total 18432K, used 18294K [0x00000000ebf80000, 0x00000000ee380000, 0x0000000100000000)
  eden space 15872K, 99% used [0x00000000ebf80000,0x00000000eceff568,0x00000000ecf00000)
  from space 2560K, 94% used [0x00000000ed180000,0x00000000ed3de568,0x00000000ed400000)
  to   space 2560K, 0% used [0x00000000ecf00000,0x00000000ecf00000,0x00000000ed180000)
 ParOldGen       total 42496K, used 74K [0x00000000c3e00000, 0x00000000c6780000, 0x00000000ebf80000)
  object space 42496K, 0% used [0x00000000c3e00000,0x00000000c3e128d8,0x00000000c6780000)
 Metaspace       used 7283K, capacity 7468K, committed 7552K, reserved 1056768K
  class space    used 812K, capacity 880K, committed 896K, reserved 1048576K
Event: 1,488 GC heap after
Heap after GC invocations=3 (full 0):
 PSYoungGen      total 18432K, used 1914K [0x00000000ebf80000, 0x00000000ee380000, 0x0000000100000000)
  eden space 15872K, 0% used [0x00000000ebf80000,0x00000000ebf80000,0x00000000ecf00000)
  from space 2560K, 74% used [0x00000000ecf00000,0x00000000ed0de8f8,0x00000000ed180000)
  to   space 2560K, 0% used [0x00000000ee100000,0x00000000ee100000,0x00000000ee380000)
 ParOldGen       total 42496K, used 82K [0x00000000c3e00000, 0x00000000c6780000, 0x00000000ebf80000)
  object space 42496K, 0% used [0x00000000c3e00000,0x00000000c3e148d8,0x00000000c6780000)
 Metaspace       used 7283K, capacity 7468K, committed 7552K, reserved 1056768K
  class space    used 812K, capacity 880K, committed 896K, reserved 1048576K
}
Event: 1,555 GC heap before
{Heap before GC invocations=4 (full 0):
 PSYoungGen      total 18432K, used 17786K [0x00000000ebf80000, 0x00000000ee380000, 0x0000000100000000)
  eden space 15872K, 100% used [0x00000000ebf80000,0x00000000ecf00000,0x00000000ecf00000)
  from space 2560K, 74% used [0x00000000ecf00000,0x00000000ed0de8f8,0x00000000ed180000)
  to   space 2560K, 0% used [0x00000000ee100000,0x00000000ee100000,0x00000000ee380000)
 ParOldGen       total 42496K, used 82K [0x00000000c3e00000, 0x00000000c6780000, 0x00000000ebf80000)
  object space 42496K, 0% used [0x00000000c3e00000,0x00000000c3e148d8,0x00000000c6780000)
 Metaspace       used 7476K, capacity 7750K, committed 7936K, reserved 1056768K
  class space    used 842K, capacity 951K, committed 1024K, reserved 1048576K
Event: 1,563 GC heap after
Heap after GC invocations=4 (full 0):
 PSYoungGen      total 34304K, used 2528K [0x00000000ebf80000, 0x00000000ee380000, 0x0000000100000000)
  eden space 31744K, 0% used [0x00000000ebf80000,0x00000000ebf80000,0x00000000ede80000)
  from space 2560K, 98% used [0x00000000ee100000,0x00000000ee378200,0x00000000ee380000)
  to   space 2560K, 0% used [0x00000000ede80000,0x00000000ede80000,0x00000000ee100000)
 ParOldGen       total 42496K, used 158K [0x00000000c3e00000, 0x00000000c6780000, 0x00000000ebf80000)
  object space 42496K, 0% used [0x00000000c3e00000,0x00000000c3e279e8,0x00000000c6780000)
 Metaspace       used 7476K, capacity 7750K, committed 7936K, reserved 1056768K
  class space    used 842K, capacity 951K, committed 1024K, reserved 1048576K
}
Event: 2,123 GC heap before
{Heap before GC invocations=5 (full 0):
 PSYoungGen      total 34304K, used 34272K [0x00000000ebf80000, 0x00000000ee380000, 0x0000000100000000)
  eden space 31744K, 100% used [0x00000000ebf80000,0x00000000ede80000,0x00000000ede80000)
  from space 2560K, 98% used [0x00000000ee100000,0x00000000ee378200,0x00000000ee380000)
  to   space 2560K, 0% used [0x00000000ede80000,0x00000000ede80000,0x00000000ee100000)
 ParOldGen       total 42496K, used 158K [0x00000000c3e00000, 0x00000000c6780000, 0x00000000ebf80000)
  object space 42496K, 0% used [0x00000000c3e00000,0x00000000c3e279e8,0x00000000c6780000)
 Metaspace       used 11854K, capacity 12324K, committed 12544K, reserved 1060864K
  class space    used 1402K, capacity 1529K, committed 1536K, reserved 1048576K
Event: 2,130 GC heap after
Heap after GC invocations=5 (full 0):
 PSYoungGen      total 34304K, used 2530K [0x00000000ebf80000, 0x00000000f0680000, 0x0000000100000000)
  eden space 31744K, 0% used [0x00000000ebf80000,0x00000000ebf80000,0x00000000ede80000)
  from space 2560K, 98% used [0x00000000ede80000,0x00000000ee0f8a98,0x00000000ee100000)
  to   space 4608K, 0% used [0x00000000f0200000,0x00000000f0200000,0x00000000f0680000)
 ParOldGen       total 42496K, used 2238K [0x00000000c3e00000, 0x00000000c6780000, 0x00000000ebf80000)
  object space 42496K, 5% used [0x00000000c3e00000,0x00000000c402fb30,0x00000000c6780000)
 Metaspace       used 11854K, capacity 12324K, committed 12544K, reserved 1060864K
  class space    used 1402K, capacity 1529K, committed 1536K, reserved 1048576K
}
Event: 2,554 GC heap before
{Heap before GC invocations=6 (full 0):
 PSYoungGen      total 34304K, used 34274K [0x00000000ebf80000, 0x00000000f0680000, 0x0000000100000000)
  eden space 31744K, 100% used [0x00000000ebf80000,0x00000000ede80000,0x00000000ede80000)
  from space 2560K, 98% used [0x00000000ede80000,0x00000000ee0f8a98,0x00000000ee100000)
  to   space 4608K, 0% used [0x00000000f0200000,0x00000000f0200000,0x00000000f0680000)
 ParOldGen       total 42496K, used 2238K [0x00000000c3e00000, 0x00000000c6780000, 0x00000000ebf80000)
  object space 42496K, 5% used [0x00000000c3e00000,0x00000000c402fb30,0x00000000c6780000)
 Metaspace       used 14089K, capacity 14652K, committed 14848K, reserved 1062912K
  class space    used 1799K, capacity 1931K, committed 2048K, reserved 1048576K
Event: 2,570 GC heap after
Heap after GC invocations=6 (full 0):
 PSYoungGen      total 67072K, used 4581K [0x00000000ebf80000, 0x00000000f0880000, 0x0000000100000000)
  eden space 62464K, 0% used [0x00000000ebf80000,0x00000000ebf80000,0x00000000efc80000)
  from space 4608K, 99% used [0x00000000f0200000,0x00000000f0679700,0x00000000f0680000)
  to   space 5632K, 0% used [0x00000000efc80000,0x00000000efc80000,0x00000000f0200000)
 ParOldGen       total 42496K, used 2831K [0x00000000c3e00000, 0x00000000c6780000, 0x00000000ebf80000)
  object space 42496K, 6% used [0x00000000c3e00000,0x00000000c40c3fb0,0x00000000c6780000)
 Metaspace       used 14089K, capacity 14652K, committed 14848K, reserved 1062912K
  class space    used 1799K, capacity 1931K, committed 2048K, reserved 1048576K
}
Event: 12,189 GC heap before
{Heap before GC invocations=7 (full 0):
 PSYoungGen      total 67072K, used 60438K [0x00000000ebf80000, 0x00000000f0880000, 0x0000000100000000)
  eden space 62464K, 89% used [0x00000000ebf80000,0x00000000ef60c110,0x00000000efc80000)
  from space 4608K, 99% used [0x00000000f0200000,0x00000000f0679700,0x00000000f0680000)
  to   space 5632K, 0% used [0x00000000efc80000,0x00000000efc80000,0x00000000f0200000)
 ParOldGen       total 42496K, used 2831K [0x00000000c3e00000, 0x00000000c6780000, 0x00000000ebf80000)
  object space 42496K, 6% used [0x00000000c3e00000,0x00000000c40c3fb0,0x00000000c6780000)
 Metaspace       used 20470K, capacity 21118K, committed 21248K, reserved 1067008K
  class space    used 2590K, capacity 2746K, committed 2816K, reserved 1048576K

Deoptimization events (10 events):
Event: 2,976 Thread 0x00007f09ac002800 Uncommon trap: reason=class_check action=maybe_recompile pc=0x00007f09f11defdc method=java.lang.String.equals(Ljava/lang/Object;)Z @ 8
Event: 3,131 Thread 0x00007f09ac002800 Uncommon trap: reason=class_check action=maybe_recompile pc=0x00007f09f11defdc method=java.lang.String.equals(Ljava/lang/Object;)Z @ 8
Event: 3,131 Thread 0x00007f09ac002800 Uncommon trap: reason=class_check action=maybe_recompile pc=0x00007f09f11defdc method=java.lang.String.equals(Ljava/lang/Object;)Z @ 8
Event: 3,131 Thread 0x00007f09ac002800 Uncommon trap: reason=class_check action=maybe_recompile pc=0x00007f09f11defdc method=java.lang.String.equals(Ljava/lang/Object;)Z @ 8
Event: 3,211 Thread 0x00007f09ac002800 Uncommon trap: reason=class_check action=maybe_recompile pc=0x00007f09f1413cf4 method=java.util.HashSet.contains(Ljava/lang/Object;)Z @ 5
Event: 3,229 Thread 0x00007f09ac002800 Uncommon trap: reason=class_check action=maybe_recompile pc=0x00007f09f1413cf4 method=java.util.HashSet.contains(Ljava/lang/Object;)Z @ 5
Event: 3,368 Thread 0x00007f09ac002800 Uncommon trap: reason=class_check action=maybe_recompile pc=0x00007f09f1413cf4 method=java.util.HashSet.contains(Ljava/lang/Object;)Z @ 5
Event: 3,427 Thread 0x00007f09ac002800 Uncommon trap: reason=unstable_if action=reinterpret pc=0x00007f09f13e3534 method=java.util.concurrent.ConcurrentHashMap.putVal(Ljava/lang/Object;Ljava/lang/Object;Z)Ljava/lang/Object; @ 206
Event: 3,834 Thread 0x00007f09b0027000 Uncommon trap: reason=unstable_if action=reinterpret pc=0x00007f09f13d2e64 method=jdk.internal.org.objectweb.asm.Type.getArgumentsAndReturnSizes(Ljava/lang/String;)I @ 47
Event: 3,938 Thread 0x00007f09ac002800 Uncommon trap: reason=unstable_if action=reinterpret pc=0x00007f09f141335c method=java.lang.ThreadLocal$ThreadLocalMap.getEntry(Ljava/lang/ThreadLocal;)Ljava/lang/ThreadLocal$ThreadLocalMap$Entry; @ 29

Classes redefined (0 events):
No events

Internal exceptions (10 events):
Event: 3,648 Thread 0x00007f09ac002800 Exception <a 'java/lang/ClassNotFoundException': org/springframework/core/PriorityOrderedCustomizer> (0x00000000eec2ae88) thrown at [/build/openjdk-8-Wut_v1/openjdk-8-8u242-b08/src/hotspot/src/share/vm/classfile/systemDictionary.cpp, line 210]
Event: 3,650 Thread 0x00007f09ac002800 Exception <a 'java/lang/ClassNotFoundException': org/springframework/core/OrderedCustomizer> (0x00000000eec3d330) thrown at [/build/openjdk-8-Wut_v1/openjdk-8-8u242-b08/src/hotspot/src/share/vm/classfile/systemDictionary.cpp, line 210]
Event: 3,651 Thread 0x00007f09ac002800 Exception <a 'java/lang/ClassNotFoundException': org/springframework/context/ResourceLoaderAwareCustomizer> (0x00000000eec546a8) thrown at [/build/openjdk-8-Wut_v1/openjdk-8-8u242-b08/src/hotspot/src/share/vm/classfile/systemDictionary.cpp, line 210]
Event: 3,652 Thread 0x00007f09ac002800 Exception <a 'java/lang/ClassNotFoundException': org/springframework/beans/factory/AwareCustomizer> (0x00000000eec69cb8) thrown at [/build/openjdk-8-Wut_v1/openjdk-8-8u242-b08/src/hotspot/src/share/vm/classfile/systemDictionary.cpp, line 210]
Event: 3,652 Thread 0x00007f09ac002800 Exception <a 'java/lang/ClassNotFoundException': org/springframework/beans/factory/BeanClassLoaderAwareCustomizer> (0x00000000eec82340) thrown at [/build/openjdk-8-Wut_v1/openjdk-8-8u242-b08/src/hotspot/src/share/vm/classfile/systemDictionary.cpp, line 21
Event: 3,653 Thread 0x00007f09ac002800 Exception <a 'java/lang/ClassNotFoundException': org/springframework/beans/factory/AwareCustomizer> (0x00000000eec979e0) thrown at [/build/openjdk-8-Wut_v1/openjdk-8-8u242-b08/src/hotspot/src/share/vm/classfile/systemDictionary.cpp, line 210]
Event: 3,653 Thread 0x00007f09ac002800 Exception <a 'java/lang/ClassNotFoundException': org/springframework/context/EnvironmentAwareCustomizer> (0x00000000eecad418) thrown at [/build/openjdk-8-Wut_v1/openjdk-8-8u242-b08/src/hotspot/src/share/vm/classfile/systemDictionary.cpp, line 210]
Event: 3,654 Thread 0x00007f09ac002800 Exception <a 'java/lang/ClassNotFoundException': org/springframework/beans/factory/AwareCustomizer> (0x00000000eecc2998) thrown at [/build/openjdk-8-Wut_v1/openjdk-8-8u242-b08/src/hotspot/src/share/vm/classfile/systemDictionary.cpp, line 210]
Event: 3,853 Thread 0x00007f09b0027000 Exception <a 'java/lang/IncompatibleClassChangeError': Found class java.lang.Object, but interface was expected> (0x00000000ef033ba8) thrown at [/build/openjdk-8-Wut_v1/openjdk-8-8u242-b08/src/hotspot/src/share/vm/interpreter/linkResolver.cpp, line 653]
Event: 3,858 Thread 0x00007f09ac002800 Exception <a 'java/lang/NoSuchMethodError': java.lang.Object.lambda$comparing$77a9974f$1(Ljava/util/function/Function;Ljava/lang/Object;Ljava/lang/Object;)I> (0x00000000ef15ab40) thrown at [/build/openjdk-8-Wut_v1/openjdk-8-8u242-b08/src/hotspot/src/share

Events (10 events):
Event: 12,161 loading class org/springframework/context/annotation/ConfigurationClassParser$DeferredImportSelectorGroupingHandler done
Event: 12,170 loading class org/springframework/context/annotation/ConfigurationClassParser$DeferredImportSelectorHolder
Event: 12,170 loading class org/springframework/context/annotation/ConfigurationClassParser$DeferredImportSelectorHolder done
Event: 12,170 loading class org/springframework/context/annotation/ConfigurationClassParser$DeferredImportSelectorHolder
Event: 12,170 loading class org/springframework/context/annotation/ConfigurationClassParser$DeferredImportSelectorHolder done
Event: 12,170 loading class org/springframework/context/annotation/ConfigurationClassParser$DeferredImportSelectorGroupingHandler
Event: 12,170 loading class org/springframework/context/annotation/ConfigurationClassParser$DeferredImportSelectorGroupingHandler done
Event: 12,170 loading class org/springframework/boot/autoconfigure/AutoConfigurationImportSelector$AutoConfigurationGroup
Event: 12,170 loading class org/springframework/boot/autoconfigure/AutoConfigurationImportSelector$AutoConfigurationGroup done
Event: 12,183 Executing VM operation: CollectForMetadataAllocation


Dynamic libraries:
00400000-00401000 r-xp 00000000 08:01 13247648                           /usr/lib/jvm/java-8-openjdk-amd64/jre/bin/java
00600000-00601000 r--p 00000000 08:01 13247648                           /usr/lib/jvm/java-8-openjdk-amd64/jre/bin/java
00601000-00602000 rw-p 00001000 08:01 13247648                           /usr/lib/jvm/java-8-openjdk-amd64/jre/bin/java
01fa0000-01fc1000 rw-p 00000000 00:00 0                                  [heap]
c3e00000-c6780000 rw-p 00000000 00:00 0 
c6780000-ebf80000 ---p 00000000 00:00 0 
ebf80000-f0880000 rw-p 00000000 00:00 0 
f4a80000-100000000 ---p 00000000 00:00 0 
100000000-1002c0000 rw-p 00000000 00:00 0 
1002c0000-140000000 ---p 00000000 00:00 0 
7f09a4000000-7f09a4329000 rw-p 00000000 00:00 0 
7f09a4329000-7f09a8000000 ---p 00000000 00:00 0 
7f09abe00000-7f09ac000000 rw-p 00000000 00:00 0 
7f09ac000000-7f09ac021000 rw-p 00000000 00:00 0 
7f09ac021000-7f09b0000000 ---p 00000000 00:00 0 
7f09b0000000-7f09b022b000 rw-p 00000000 00:00 0 
7f09b022b000-7f09b4000000 ---p 00000000 00:00 0 
7f09b4000000-7f09b4021000 rw-p 00000000 00:00 0 
7f09b4021000-7f09b8000000 ---p 00000000 00:00 0 
7f09b8000000-7f09b8021000 rw-p 00000000 00:00 0 
7f09b8021000-7f09bc000000 ---p 00000000 00:00 0 
7f09bc000000-7f09bc33d000 rw-p 00000000 00:00 0 
7f09bc33d000-7f09c0000000 ---p 00000000 00:00 0 
7f09c0000000-7f09c03bf000 rw-p 00000000 00:00 0 
7f09c03bf000-7f09c4000000 ---p 00000000 00:00 0 
7f09c4000000-7f09c4021000 rw-p 00000000 00:00 0 
7f09c4021000-7f09c8000000 ---p 00000000 00:00 0 
7f09c8000000-7f09c8828000 rw-p 00000000 00:00 0 
7f09c8828000-7f09cc000000 ---p 00000000 00:00 0 
7f09cc000000-7f09cc021000 rw-p 00000000 00:00 0 
7f09cc021000-7f09d0000000 ---p 00000000 00:00 0 
7f09d0000000-7f09d0021000 rw-p 00000000 00:00 0 
7f09d0021000-7f09d4000000 ---p 00000000 00:00 0 
7f09d4000000-7f09d4021000 rw-p 00000000 00:00 0 
7f09d4021000-7f09d8000000 ---p 00000000 00:00 0 
7f09d8000000-7f09d8021000 rw-p 00000000 00:00 0 
7f09d8021000-7f09dc000000 ---p 00000000 00:00 0 
7f09dc000000-7f09dc021000 rw-p 00000000 00:00 0 
7f09dc021000-7f09e0000000 ---p 00000000 00:00 0 
7f09e00e6000-7f09e02e6000 rw-p 00000000 00:00 0 
7f09e02e6000-7f09e04e6000 rw-p 00000000 00:00 0 
7f09e04e6000-7f09e04ef000 r-xp 00000000 08:01 13374780                   /usr/lib/jvm/java-8-openjdk-amd64/jre/lib/amd64/libmanagement.so
7f09e04ef000-7f09e06ee000 ---p 00009000 08:01 13374780                   /usr/lib/jvm/java-8-openjdk-amd64/jre/lib/amd64/libmanagement.so
7f09e06ee000-7f09e06ef000 r--p 00008000 08:01 13374780                   /usr/lib/jvm/java-8-openjdk-amd64/jre/lib/amd64/libmanagement.so
7f09e06ef000-7f09e06f0000 rw-p 00009000 08:01 13374780                   /usr/lib/jvm/java-8-openjdk-amd64/jre/lib/amd64/libmanagement.so
7f09e06f0000-7f09e08f0000 rw-p 00000000 00:00 0 
7f09e08f0000-7f09e0af0000 rw-p 00000000 00:00 0 
7f09e0af0000-7f09e0af3000 ---p 00000000 00:00 0 
7f09e0af3000-7f09e0bf1000 rw-p 00000000 00:00 0 
7f09e0bf1000-7f09e0bf4000 ---p 00000000 00:00 0 
7f09e0bf4000-7f09e0cf2000 rw-p 00000000 00:00 0 
7f09e0cf2000-7f09e0cf5000 ---p 00000000 00:00 0 
7f09e0cf5000-7f09e0df3000 rw-p 00000000 00:00 0 
7f09e0df3000-7f09e0dfa000 r--s 00000000 08:01 13372076                   /usr/lib/x86_64-linux-gnu/gconv/gconv-modules.cache
7f09e0dfa000-7f09e0e1b000 r--p 00000000 08:01 14946806                   /usr/share/locale-langpack/pt_BR/LC_MESSAGES/libc.mo
7f09e0e1b000-7f09e0e26000 r--s 000b4000 08:01 26872304                   /home/thayanna/.m2/repository/org/javassist/javassist/3.25.0-GA/javassist-3.25.0-GA.jar
7f09e0e26000-7f09e0e28000 r--s 0000c000 08:01 26870488                   /home/thayanna/.m2/repository/javax/activation/javax.activation-api/1.2.0/javax.activation-api-1.2.0.jar
7f09e0e28000-7f09e0e2c000 r--s 0001c000 08:01 26870486                   /home/thayanna/.m2/repository/javax/xml/bind/jaxb-api/2.3.1/jaxb-api-2.3.1.jar
7f09e0e2c000-7f09e0e2d000 r--s 00005000 08:01 26871822                   /home/thayanna/.m2/repository/org/springframework/spring-jcl/5.2.3.RELEASE/spring-jcl-5.2.3.RELEASE.jar
7f09e0e2d000-7f09e0e48000 r--s 00144000 08:01 26871820                   /home/thayanna/.m2/repository/org/springframework/spring-core/5.2.3.RELEASE/spring-core-5.2.3.RELEASE.jar
7f09e0e48000-7f09e0e4c000 r--s 00019000 08:01 26871786                   /home/thayanna/.m2/repository/jakarta/xml/bind/jakarta.xml.bind-api/2.3.2/jakarta.xml.bind-api-2.3.2.jar
7f09e0e4c000-7f09e0e65000 r--s 00227000 08:01 26871770                   /home/thayanna/.m2/repository/mysql/mysql-connector-java/8.0.19/mysql-connector-java-8.0.19.jar
7f09e0e65000-7f09e0e8d000 r--s 0012c000 08:01 26871768                   /home/thayanna/.m2/repository/org/springframework/boot/spring-boot-autoconfigure/2.2.4.RELEASE/spring-boot-autoconfigure-2.2.4.RELEASE.jar
7f09e0e8d000-7f09e0ea4000 r--s 000e8000 08:01 26871766                   /home/thayanna/.m2/repository/org/springframework/boot/spring-boot/2.2.4.RELEASE/spring-boot-2.2.4.RELEASE.jar
7f09e0ea4000-7f09e0eaa000 r--s 00030000 08:01 26871764                   /home/thayanna/.m2/repository/org/springframework/boot/spring-boot-devtools/2.2.4.RELEASE/spring-boot-devtools-2.2.4.RELEASE.jar
7f09e0eaa000-7f09e0eaf000 r--s 00040000 08:01 26871762                   /home/thayanna/.m2/repository/org/springframework/spring-expression/5.2.3.RELEASE/spring-expression-5.2.3.RELEASE.jar
7f09e0eaf000-7f09e0ec2000 r--s 000d5000 08:01 26871760                   /home/thayanna/.m2/repository/org/springframework/spring-webmvc/5.2.3.RELEASE/spring-webmvc-5.2.3.RELEASE.jar
7f09e0ec2000-7f09e0ede000 r--s 00141000 08:01 26871758                   /home/thayanna/.m2/repository/org/springframework/spring-web/5.2.3.RELEASE/spring-web-5.2.3.RELEASE.jar
7f09e0ede000-7f09e0efb000 r--s 000fe000 08:01 26871756                   /home/thayanna/.m2/repository/org/hibernate/validator/hibernate-validator/6.0.18.Final/hibernate-validator-6.0.18.Final.jar
7f09e0efb000-7f09e0f00000 r--s 00012000 08:01 26871754                   /home/thayanna/.m2/repository/jakarta/validation/jakarta.validation-api/2.0.2/jakarta.validation-api-2.0.2.jar
7f09e0f00000-7f09e0f01000 r--s 00000000 08:01 26871752                   /home/thayanna/.m2/repository/org/springframework/boot/spring-boot-starter-validation/2.2.4.RELEASE/spring-boot-starter-validation-2.2.4.RELEASE.jar
7f09e0f01000-7f09e0f06000 r--s 0003c000 08:01 26871750                   /home/thayanna/.m2/repository/org/apache/tomcat/embed/tomcat-embed-websocket/9.0.30/tomcat-embed-websocket-9.0.30.jar
7f09e0f06000-7f09e0f0b000 r--s 0003a000 08:01 26871748                   /home/thayanna/.m2/repository/org/apache/tomcat/embed/tomcat-embed-el/9.0.30/tomcat-embed-el-9.0.30.jar
7f09e0f0b000-7f09e0f35000 r--s 00301000 08:01 26871746                   /home/thayanna/.m2/repository/org/apache/tomcat/embed/tomcat-embed-core/9.0.30/tomcat-embed-core-9.0.30.jar
7f09e0f35000-7f09e0f36000 r--s 00000000 08:01 26871744                   /home/thayanna/.m2/repository/org/springframework/boot/spring-boot-starter-tomcat/2.2.4.RELEASE/spring-boot-starter-tomcat-2.2.4.RELEASE.jar
7f09e0f36000-7f09e0f38000 r--s 00001000 08:01 26871742                   /home/thayanna/.m2/repository/com/fasterxml/jackson/module/jackson-module-parameter-names/2.10.2/jackson-module-parameter-names-2.10.2.jar
7f09e0f38000-7f09e0f3b000 r--s 00017000 08:01 26871740                   /home/thayanna/.m2/repository/com/fasterxml/jackson/datatype/jackson-datatype-jsr310/2.10.2/jackson-datatype-jsr310-2.10.2.jar
7f09e0f3b000-7f09e0f3d000 r--s 00007000 08:01 26871738                   /home/thayanna/.m2/repository/com/fasterxml/jackson/datatype/jackson-datatype-jdk8/2.10.2/jackson-datatype-jdk8-2.10.2.jar
7f09e0f3d000-7f09e0f42000 r--s 00051000 08:01 26871736                   /home/thayanna/.m2/repository/com/fasterxml/jackson/core/jackson-core/2.10.2/jackson-core-2.10.2.jar
7f09e0f42000-7f09e0f45000 r--s 0000e000 08:01 26871734                   /home/thayanna/.m2/repository/com/fasterxml/jackson/core/jackson-annotations/2.10.2/jackson-annotations-2.10.2.jar
7f09e0f45000-7f09e0f5a000 r--s 00142000 08:01 26871732                   /home/thayanna/.m2/repository/com/fasterxml/jackson/core/jackson-databind/2.10.2/jackson-databind-2.10.2.jar
7f09e0f5a000-7f09e0f5b000 r--s 00000000 08:01 26871730                   /home/thayanna/.m2/repository/org/springframework/boot/spring-boot-starter-json/2.2.4.RELEASE/spring-boot-starter-json-2.2.4.RELEASE.jar
7f09e0f5b000-7f09e0f62000 r--s 00044000 08:01 26871728                   /home/thayanna/.m2/repository/org/yaml/snakeyaml/1.25/snakeyaml-1.25.jar
7f09e0f62000-7f09e0f64000 r--s 00005000 08:01 26871726                   /home/thayanna/.m2/repository/jakarta/annotation/jakarta.annotation-api/1.3.5/jakarta.annotation-api-1.3.5.jar
7f09e0f64000-7f09e0f66000 r--s 00000000 08:01 26871724                   /home/thayanna/.m2/repository/org/slf4j/jul-to-slf4j/1.7.30/jul-to-slf4j-1.7.30.jar
7f09e0f66000-7f09e0f6c000 r--s 0003e000 08:01 26871722                   /home/thayanna/.m2/repository/org/apache/logging/log4j/log4j-api/2.12.1/log4j-api-2.12.1.jar
7f09e0f6c000-7f09e0f6e000 r--s 00003000 08:01 26871720                   /home/thayanna/.m2/repository/org/apache/logging/log4j/log4j-to-slf4j/2.12.1/log4j-to-slf4j-2.12.1.jar
7f09e0f6e000-7f09e0f79000 r--s 00069000 08:01 26870454                   /home/thayanna/.m2/repository/ch/qos/logback/logback-core/1.2.3/logback-core-1.2.3.jar
7f09e0f79000-7f09e0f7f000 r--s 00041000 08:01 26870452                   /home/thayanna/.m2/repository/ch/qos/logback/logback-classic/1.2.3/logback-classic-1.2.3.jar
7f09e0f7f000-7f09e0f80000 r--s 00000000 08:01 26871718                   /home/thayanna/.m2/repository/org/springframework/boot/spring-boot-starter-logging/2.2.4.RELEASE/spring-boot-starter-logging-2.2.4.RELEASE.jar
7f09e0f80000-7f09e0f81000 r--s 00000000 08:01 26871716                   /home/thayanna/.m2/repository/org/springframework/boot/spring-boot-starter/2.2.4.RELEASE/spring-boot-starter-2.2.4.RELEASE.jar
7f09e0f81000-7f09e0f82000 r--s 00000000 08:01 26871714                   /home/thayanna/.m2/repository/org/springframework/boot/spring-boot-starter-web/2.2.4.RELEASE/spring-boot-starter-web-2.2.4.RELEASE.jar
7f09e0f82000-7f09e0f84000 r--s 0000a000 08:01 26871712                   /home/thayanna/.m2/repository/org/springframework/spring-aspects/5.2.3.RELEASE/spring-aspects-5.2.3.RELEASE.jar
7f09e0f84000-7f09e0f86000 r--s 00009000 08:01 26871710                   /home/thayanna/.m2/repository/org/slf4j/slf4j-api/1.7.30/slf4j-api-1.7.30.jar
7f09e0f86000-7f09e0f93000 r--s 0009b000 08:01 26871708                   /home/thayanna/.m2/repository/org/springframework/spring-beans/5.2.3.RELEASE/spring-beans-5.2.3.RELEASE.jar
7f09e0f93000-7f09e0f9c000 r--s 00044000 08:01 26871706                   /home/thayanna/.m2/repository/org/springframework/spring-tx/5.2.3.RELEASE/spring-tx-5.2.3.RELEASE.jar
7f09e0f9c000-7f09e0fb8000 r--s 0010f000 08:01 26871704                   /home/thayanna/.m2/repository/org/springframework/spring-context/5.2.3.RELEASE/spring-context-5.2.3.RELEASE.jar
7f09e0fb8000-7f09e0fbd000 r--s 0002d000 08:01 26871702                   /home/thayanna/.m2/repository/org/springframework/spring-orm/5.2.3.RELEASE/spring-orm-5.2.3.RELEASE.jar
7f09e0fbd000-7f09e0fd6000 r--s 00110000 08:01 26871700                   /home/thayanna/.m2/repository/org/springframework/data/spring-data-commons/2.2.4.RELEASE/spring-data-commons-2.2.4.RELEASE.jar
7f09e0fd6000-7f09e0fdf000 r--s 00051000 08:01 26871698                   /home/thayanna/.m2/repository/org/springframework/data/spring-data-jpa/2.2.4.RELEASE/spring-data-jpa-2.2.4.RELEASE.jar
7f09e0fdf000-7f09e0fe4000 r--s 00049000 08:01 26871696                   /home/thayanna/.m2/repository/com/sun/xml/fastinfoset/FastInfoset/1.2.16/FastInfoset-1.2.16.jar
7f09e0fe4000-7f09e0fe6000 r--s 00008000 08:01 26871694                   /home/thayanna/.m2/repository/org/jvnet/staxex/stax-ex/1.8.1/stax-ex-1.8.1.jar
7f09e0fe6000-7f09e0fe8000 r--s 00005000 08:01 26871692                   /home/thayanna/.m2/repository/com/sun/istack/istack-commons-runtime/3.0.8/istack-commons-runtime-3.0.8.jar
7f09e0fe8000-7f09e0fea000 r--s 00010000 08:01 26871690                   /home/thayanna/.m2/repository/org/glassfish/jaxb/txw2/2.3.2/txw2-2.3.2.jar
7f09e0fea000-7f09e0fff000 r--s 000e3000 08:01 26871688                   /home/thayanna/.m2/repository/org/glassfish/jaxb/jaxb-runtime/2.3.2/jaxb-runtime-2.3.2.jar
7f09e0fff000-7f09e4000000 rw-p 00000000 00:00 0 
7f09e4000000-7f09e4021000 rw-p 00000000 00:00 0 
7f09e4021000-7f09e8000000 ---p 00000000 00:00 0 
7f09e8000000-7f09e8003000 r--s 00010000 08:01 26871686                   /home/thayanna/.m2/repository/org/hibernate/common/hibernate-commons-annotations/5.1.0.Final/hibernate-commons-annotations-5.1.0.Final.jar
7f09e8003000-7f09e8008000 r--s 0004b000 08:01 26870506                   /home/thayanna/.m2/repository/org/dom4j/dom4j/2.1.1/dom4j-2.1.1.jar
7f09e8008000-7f09e800a000 r--s 0000f000 08:01 26871684                   /home/thayanna/.m2/repository/com/fasterxml/classmate/1.5.1/classmate-1.5.1.jar
7f09e800a000-7f09e800d000 r--s 0002d000 08:01 26871682                   /home/thayanna/.m2/repository/org/jboss/jandex/2.1.1.Final/jandex-2.1.1.Final.jar
7f09e800d000-7f09e8012000 r--s 00068000 08:01 26870500                   /home/thayanna/.m2/repository/antlr/antlr/2.7.7/antlr-2.7.7.jar
7f09e8012000-7f09e805a000 r--s 002e9000 08:01 26871680                   /home/thayanna/.m2/repository/net/bytebuddy/byte-buddy/1.10.6/byte-buddy-1.10.6.jar
7f09e805a000-7f09e805c000 r--s 0000d000 08:01 26871676                   /home/thayanna/.m2/repository/org/jboss/logging/jboss-logging/3.4.1.Final/jboss-logging-3.4.1.Final.jar
7f09e805c000-7f09e80e1000 r--s 0064f000 08:01 26871674                   /home/thayanna/.m2/repository/org/hibernate/hibernate-core/5.4.10.Final/hibernate-core-5.4.10.Final.jar
7f09e80e1000-7f09e80e7000 r--s 00023000 08:01 26871670                   /home/thayanna/.m2/repository/jakarta/persistence/jakarta.persistence-api/2.2.3/jakarta.persistence-api-2.2.3.jar
7f09e80e7000-7f09e80e9000 r--s 00009000 08:01 26871668                   /home/thayanna/.m2/repository/jakarta/activation/jakarta.activation-api/1.2.1/jakarta.activation-api-1.2.1.jar
7f09e80e9000-7f09e80f3000 r--s 0005a000 08:01 26871666                   /home/thayanna/.m2/repository/org/springframework/spring-jdbc/5.2.3.RELEASE/spring-jdbc-5.2.3.RELEASE.jar
7f09e80f3000-7f09e810a000 r-xp 00000000 08:01 13374784                   /usr/lib/jvm/java-8-openjdk-amd64/jre/lib/amd64/libnet.so
7f09e810a000-7f09e8309000 ---p 00017000 08:01 13374784                   /usr/lib/jvm/java-8-openjdk-amd64/jre/lib/amd64/libnet.so
7f09e8309000-7f09e830a000 r--p 00016000 08:01 13374784                   /usr/lib/jvm/java-8-openjdk-amd64/jre/lib/amd64/libnet.so
7f09e830a000-7f09e830b000 rw-p 00017000 08:01 13374784                   /usr/lib/jvm/java-8-openjdk-amd64/jre/lib/amd64/libnet.so
7f09e830b000-7f09e831c000 r-xp 00000000 08:01 13374789                   /usr/lib/jvm/java-8-openjdk-amd64/jre/lib/amd64/libnio.so
7f09e831c000-7f09e851c000 ---p 00011000 08:01 13374789                   /usr/lib/jvm/java-8-openjdk-amd64/jre/lib/amd64/libnio.so
7f09e851c000-7f09e851d000 r--p 00011000 08:01 13374789                   /usr/lib/jvm/java-8-openjdk-amd64/jre/lib/amd64/libnio.so
7f09e851d000-7f09e851e000 rw-p 00012000 08:01 13374789                   /usr/lib/jvm/java-8-openjdk-amd64/jre/lib/amd64/libnio.so
7f09e851e000-7f09e851f000 ---p 00000000 00:00 0 
7f09e851f000-7f09e861f000 rw-p 00000000 00:00 0 
7f09e861f000-7f09e8622000 ---p 00000000 00:00 0 
7f09e8622000-7f09e8720000 rw-p 00000000 00:00 0 
7f09e8720000-7f09e8723000 ---p 00000000 00:00 0 
7f09e8723000-7f09e8821000 rw-p 00000000 00:00 0 
7f09e8821000-7f09e8824000 ---p 00000000 00:00 0 
7f09e8824000-7f09e8922000 rw-p 00000000 00:00 0 
7f09e8922000-7f09e8925000 ---p 00000000 00:00 0 
7f09e8925000-7f09e8a23000 rw-p 00000000 00:00 0 
7f09e8a23000-7f09e8a26000 ---p 00000000 00:00 0 
7f09e8a26000-7f09e8b24000 rw-p 00000000 00:00 0 
7f09e8b24000-7f09e94e3000 r--p 00000000 08:01 13114307                   /usr/lib/locale/locale-archive
7f09e94e3000-7f09e94e6000 ---p 00000000 00:00 0 
7f09e94e6000-7f09e95e4000 rw-p 00000000 00:00 0 
7f09e95e4000-7f09e95e7000 ---p 00000000 00:00 0 
7f09e95e7000-7f09e96e5000 rw-p 00000000 00:00 0 
7f09e96e5000-7f09e96e6000 ---p 00000000 00:00 0 
7f09e96e6000-7f09ec000000 rw-p 00000000 00:00 0 
7f09ec000000-7f09ec021000 rw-p 00000000 00:00 0 
7f09ec021000-7f09f0000000 ---p 00000000 00:00 0 
7f09f0000000-7f09f0003000 r--s 00023000 08:01 26871664                   /home/thayanna/.m2/repository/com/zaxxer/HikariCP/3.4.2/HikariCP-3.4.2.jar
7f09f0003000-7f09f001c000 r--s 001da000 08:01 26871660                   /home/thayanna/.m2/repository/org/aspectj/aspectjweaver/1.9.5/aspectjweaver-1.9.5.jar
7f09f001c000-7f09f0037000 r--s 00394000 08:01 13374741                   /usr/lib/jvm/java-8-openjdk-amd64/jre/lib/ext/cldrdata.jar
7f09f0037000-7f09f0052000 r--s 001d6000 08:01 13374738                   /usr/lib/jvm/java-8-openjdk-amd64/jre/lib/ext/nashorn.jar
7f09f0052000-7f09f05ba000 rw-p 00000000 00:00 0 
7f09f05ba000-7f09f078a000 r--s 03c68000 08:01 13247669                   /usr/lib/jvm/java-8-openjdk-amd64/jre/lib/rt.jar
7f09f078a000-7f09f1000000 rw-p 00000000 00:00 0 
7f09f1000000-7f09f14e0000 rwxp 00000000 00:00 0 
7f09f14e0000-7f0a00000000 ---p 00000000 00:00 0 
7f0a00000000-7f0a00664000 rw-p 00000000 00:00 0 
7f0a00664000-7f0a04000000 ---p 00000000 00:00 0 
7f0a04000000-7f0a04001000 r--s 00003000 08:01 26871672                   /home/thayanna/.m2/repository/jakarta/transaction/jakarta.transaction-api/1.3.3/jakarta.transaction-api-1.3.3.jar
7f0a04001000-7f0a04002000 r--s 00000000 08:01 26871662                   /home/thayanna/.m2/repository/org/springframework/boot/spring-boot-starter-jdbc/2.2.4.RELEASE/spring-boot-starter-jdbc-2.2.4.RELEASE.jar
7f0a04002000-7f0a0400b000 r--s 00052000 08:01 26871658                   /home/thayanna/.m2/repository/org/springframework/spring-aop/5.2.3.RELEASE/spring-aop-5.2.3.RELEASE.jar
7f0a0400b000-7f0a0400c000 r--s 00000000 08:01 26871656                   /home/thayanna/.m2/repository/org/springframework/boot/spring-boot-starter-aop/2.2.4.RELEASE/spring-boot-starter-aop-2.2.4.RELEASE.jar
7f0a0400c000-7f0a0400d000 r--s 00000000 08:01 26871654                   /home/thayanna/.m2/repository/org/springframework/boot/spring-boot-starter-data-jpa/2.2.4.RELEASE/spring-boot-starter-data-jpa-2.2.4.RELEASE.jar
7f0a0400d000-7f0a04010000 r--s 0000f000 08:01 13374747                   /usr/lib/jvm/java-8-openjdk-amd64/jre/lib/ext/icedtea-sound.jar
7f0a04010000-7f0a04011000 r--s 0000d000 08:01 13374745                   /usr/lib/jvm/java-8-openjdk-amd64/jre/lib/ext/sunec.jar
7f0a04011000-7f0a04240000 rw-p 00000000 00:00 0 
7f0a04240000-7f0a04241000 ---p 00000000 00:00 0 
7f0a04241000-7f0a04341000 rw-p 00000000 00:00 0 
7f0a04341000-7f0a04342000 ---p 00000000 00:00 0 
7f0a04342000-7f0a04442000 rw-p 00000000 00:00 0 
7f0a04442000-7f0a04443000 ---p 00000000 00:00 0 
7f0a04443000-7f0a04543000 rw-p 00000000 00:00 0 
7f0a04543000-7f0a04544000 ---p 00000000 00:00 0 
7f0a04544000-7f0a04659000 rw-p 00000000 00:00 0 
7f0a04659000-7f0a04785000 ---p 00000000 00:00 0 
7f0a04785000-7f0a0479a000 rw-p 00000000 00:00 0 
7f0a0479a000-7f0a048c5000 ---p 00000000 00:00 0 
7f0a048c5000-7f0a048eb000 rw-p 00000000 00:00 0 
7f0a048eb000-7f0a04966000 ---p 00000000 00:00 0 
7f0a04966000-7f0a0497b000 rw-p 00000000 00:00 0 
7f0a0497b000-7f0a04d27000 ---p 00000000 00:00 0 
7f0a04d27000-7f0a04d2f000 r-xp 00000000 08:01 13374770                   /usr/lib/jvm/java-8-openjdk-amd64/jre/lib/amd64/libzip.so
7f0a04d2f000-7f0a04f2e000 ---p 00008000 08:01 13374770                   /usr/lib/jvm/java-8-openjdk-amd64/jre/lib/amd64/libzip.so
7f0a04f2e000-7f0a04f2f000 r--p 00007000 08:01 13374770                   /usr/lib/jvm/java-8-openjdk-amd64/jre/lib/amd64/libzip.so
7f0a04f2f000-7f0a04f30000 rw-p 00008000 08:01 13374770                   /usr/lib/jvm/java-8-openjdk-amd64/jre/lib/amd64/libzip.so
7f0a04f30000-7f0a04f3b000 r-xp 00000000 08:01 24646322                   /lib/x86_64-linux-gnu/libnss_files-2.23.so
7f0a04f3b000-7f0a0513a000 ---p 0000b000 08:01 24646322                   /lib/x86_64-linux-gnu/libnss_files-2.23.so
7f0a0513a000-7f0a0513b000 r--p 0000a000 08:01 24646322                   /lib/x86_64-linux-gnu/libnss_files-2.23.so
7f0a0513b000-7f0a0513c000 rw-p 0000b000 08:01 24646322                   /lib/x86_64-linux-gnu/libnss_files-2.23.so
7f0a0513c000-7f0a05142000 rw-p 00000000 00:00 0 
7f0a05142000-7f0a0514d000 r-xp 00000000 08:01 24646332                   /lib/x86_64-linux-gnu/libnss_nis-2.23.so
7f0a0514d000-7f0a0534c000 ---p 0000b000 08:01 24646332                   /lib/x86_64-linux-gnu/libnss_nis-2.23.so
7f0a0534c000-7f0a0534d000 r--p 0000a000 08:01 24646332                   /lib/x86_64-linux-gnu/libnss_nis-2.23.so
7f0a0534d000-7f0a0534e000 rw-p 0000b000 08:01 24646332                   /lib/x86_64-linux-gnu/libnss_nis-2.23.so
7f0a0534e000-7f0a05364000 r-xp 00000000 08:01 24646316                   /lib/x86_64-linux-gnu/libnsl-2.23.so
7f0a05364000-7f0a05563000 ---p 00016000 08:01 24646316                   /lib/x86_64-linux-gnu/libnsl-2.23.so
7f0a05563000-7f0a05564000 r--p 00015000 08:01 24646316                   /lib/x86_64-linux-gnu/libnsl-2.23.so
7f0a05564000-7f0a05565000 rw-p 00016000 08:01 24646316                   /lib/x86_64-linux-gnu/libnsl-2.23.so
7f0a05565000-7f0a05567000 rw-p 00000000 00:00 0 
7f0a05567000-7f0a0556f000 r-xp 00000000 08:01 24646318                   /lib/x86_64-linux-gnu/libnss_compat-2.23.so
7f0a0556f000-7f0a0576e000 ---p 00008000 08:01 24646318                   /lib/x86_64-linux-gnu/libnss_compat-2.23.so
7f0a0576e000-7f0a0576f000 r--p 00007000 08:01 24646318                   /lib/x86_64-linux-gnu/libnss_compat-2.23.so
7f0a0576f000-7f0a05770000 rw-p 00008000 08:01 24646318                   /lib/x86_64-linux-gnu/libnss_compat-2.23.so
7f0a05770000-7f0a05799000 r-xp 00000000 08:01 13374782                   /usr/lib/jvm/java-8-openjdk-amd64/jre/lib/amd64/libjava.so
7f0a05799000-7f0a05999000 ---p 00029000 08:01 13374782                   /usr/lib/jvm/java-8-openjdk-amd64/jre/lib/amd64/libjava.so
7f0a05999000-7f0a0599a000 r--p 00029000 08:01 13374782                   /usr/lib/jvm/java-8-openjdk-amd64/jre/lib/amd64/libjava.so
7f0a0599a000-7f0a0599c000 rw-p 0002a000 08:01 13374782                   /usr/lib/jvm/java-8-openjdk-amd64/jre/lib/amd64/libjava.so
7f0a0599c000-7f0a059ab000 r-xp 00000000 08:01 13374766                   /usr/lib/jvm/java-8-openjdk-amd64/jre/lib/amd64/libverify.so
7f0a059ab000-7f0a05baa000 ---p 0000f000 08:01 13374766                   /usr/lib/jvm/java-8-openjdk-amd64/jre/lib/amd64/libverify.so
7f0a05baa000-7f0a05bac000 r--p 0000e000 08:01 13374766                   /usr/lib/jvm/java-8-openjdk-amd64/jre/lib/amd64/libverify.so
7f0a05bac000-7f0a05bad000 rw-p 00010000 08:01 13374766                   /usr/lib/jvm/java-8-openjdk-amd64/jre/lib/amd64/libverify.so
7f0a05bad000-7f0a05bb4000 r-xp 00000000 08:01 24646377                   /lib/x86_64-linux-gnu/librt-2.23.so
7f0a05bb4000-7f0a05db3000 ---p 00007000 08:01 24646377                   /lib/x86_64-linux-gnu/librt-2.23.so
7f0a05db3000-7f0a05db4000 r--p 00006000 08:01 24646377                   /lib/x86_64-linux-gnu/librt-2.23.so
7f0a05db4000-7f0a05db5000 rw-p 00007000 08:01 24646377                   /lib/x86_64-linux-gnu/librt-2.23.so
7f0a05db5000-7f0a05dcb000 r-xp 00000000 08:01 24646261                   /lib/x86_64-linux-gnu/libgcc_s.so.1
7f0a05dcb000-7f0a05fca000 ---p 00016000 08:01 24646261                   /lib/x86_64-linux-gnu/libgcc_s.so.1
7f0a05fca000-7f0a05fcb000 rw-p 00015000 08:01 24646261                   /lib/x86_64-linux-gnu/libgcc_s.so.1
7f0a05fcb000-7f0a060d3000 r-xp 00000000 08:01 24646293                   /lib/x86_64-linux-gnu/libm-2.23.so
7f0a060d3000-7f0a062d2000 ---p 00108000 08:01 24646293                   /lib/x86_64-linux-gnu/libm-2.23.so
7f0a062d2000-7f0a062d3000 r--p 00107000 08:01 24646293                   /lib/x86_64-linux-gnu/libm-2.23.so
7f0a062d3000-7f0a062d4000 rw-p 00108000 08:01 24646293                   /lib/x86_64-linux-gnu/libm-2.23.so
7f0a062d4000-7f0a06446000 r-xp 00000000 08:01 13109418                   /usr/lib/x86_64-linux-gnu/libstdc++.so.6.0.21
7f0a06446000-7f0a06646000 ---p 00172000 08:01 13109418                   /usr/lib/x86_64-linux-gnu/libstdc++.so.6.0.21
7f0a06646000-7f0a06650000 r--p 00172000 08:01 13109418                   /usr/lib/x86_64-linux-gnu/libstdc++.so.6.0.21
7f0a06650000-7f0a06652000 rw-p 0017c000 08:01 13109418                   /usr/lib/x86_64-linux-gnu/libstdc++.so.6.0.21
7f0a06652000-7f0a06656000 rw-p 00000000 00:00 0 
7f0a06656000-7f0a072be000 r-xp 00000000 08:01 13374786                   /usr/lib/jvm/java-8-openjdk-amd64/jre/lib/amd64/server/libjvm.so
7f0a072be000-7f0a074be000 ---p 00c68000 08:01 13374786                   /usr/lib/jvm/java-8-openjdk-amd64/jre/lib/amd64/server/libjvm.so
7f0a074be000-7f0a07552000 r--p 00c68000 08:01 13374786                   /usr/lib/jvm/java-8-openjdk-amd64/jre/lib/amd64/server/libjvm.so
7f0a07552000-7f0a0757b000 rw-p 00cfc000 08:01 13374786                   /usr/lib/jvm/java-8-openjdk-amd64/jre/lib/amd64/server/libjvm.so
7f0a0757b000-7f0a075ab000 rw-p 00000000 00:00 0 
7f0a075ab000-7f0a075c3000 r-xp 00000000 08:01 24646369                   /lib/x86_64-linux-gnu/libpthread-2.23.so
7f0a075c3000-7f0a077c2000 ---p 00018000 08:01 24646369                   /lib/x86_64-linux-gnu/libpthread-2.23.so
7f0a077c2000-7f0a077c3000 r--p 00017000 08:01 24646369                   /lib/x86_64-linux-gnu/libpthread-2.23.so
7f0a077c3000-7f0a077c4000 rw-p 00018000 08:01 24646369                   /lib/x86_64-linux-gnu/libpthread-2.23.so
7f0a077c4000-7f0a077c8000 rw-p 00000000 00:00 0 
7f0a077c8000-7f0a077cb000 r-xp 00000000 08:01 24646247                   /lib/x86_64-linux-gnu/libdl-2.23.so
7f0a077cb000-7f0a079ca000 ---p 00003000 08:01 24646247                   /lib/x86_64-linux-gnu/libdl-2.23.so
7f0a079ca000-7f0a079cb000 r--p 00002000 08:01 24646247                   /lib/x86_64-linux-gnu/libdl-2.23.so
7f0a079cb000-7f0a079cc000 rw-p 00003000 08:01 24646247                   /lib/x86_64-linux-gnu/libdl-2.23.so
7f0a079cc000-7f0a079e5000 r-xp 00000000 08:01 24646414                   /lib/x86_64-linux-gnu/libz.so.1.2.8
7f0a079e5000-7f0a07be4000 ---p 00019000 08:01 24646414                   /lib/x86_64-linux-gnu/libz.so.1.2.8
7f0a07be4000-7f0a07be5000 r--p 00018000 08:01 24646414                   /lib/x86_64-linux-gnu/libz.so.1.2.8
7f0a07be5000-7f0a07be6000 rw-p 00019000 08:01 24646414                   /lib/x86_64-linux-gnu/libz.so.1.2.8
7f0a07be6000-7f0a07da6000 r-xp 00000000 08:01 24646223                   /lib/x86_64-linux-gnu/libc-2.23.so
7f0a07da6000-7f0a07fa6000 ---p 001c0000 08:01 24646223                   /lib/x86_64-linux-gnu/libc-2.23.so
7f0a07fa6000-7f0a07faa000 r--p 001c0000 08:01 24646223                   /lib/x86_64-linux-gnu/libc-2.23.so
7f0a07faa000-7f0a07fac000 rw-p 001c4000 08:01 24646223                   /lib/x86_64-linux-gnu/libc-2.23.so
7f0a07fac000-7f0a07fb0000 rw-p 00000000 00:00 0 
7f0a07fb0000-7f0a07fbd000 r-xp 00000000 08:01 13374774                   /usr/lib/jvm/java-8-openjdk-amd64/jre/lib/amd64/jli/libjli.so
7f0a07fbd000-7f0a081bd000 ---p 0000d000 08:01 13374774                   /usr/lib/jvm/java-8-openjdk-amd64/jre/lib/amd64/jli/libjli.so
7f0a081bd000-7f0a081be000 r--p 0000d000 08:01 13374774                   /usr/lib/jvm/java-8-openjdk-amd64/jre/lib/amd64/jli/libjli.so
7f0a081be000-7f0a081bf000 rw-p 0000e000 08:01 13374774                   /usr/lib/jvm/java-8-openjdk-amd64/jre/lib/amd64/jli/libjli.so
7f0a081bf000-7f0a081e5000 r-xp 00000000 08:01 24646195                   /lib/x86_64-linux-gnu/ld-2.23.so
7f0a081e5000-7f0a081e6000 r--s 0000a000 08:01 13374746                   /usr/lib/jvm/java-8-openjdk-amd64/jre/lib/ext/jaccess.jar
7f0a081e6000-7f0a081e8000 r--s 00001000 08:01 13374743                   /usr/lib/jvm/java-8-openjdk-amd64/jre/lib/ext/dnsns.jar
7f0a081e8000-7f0a081ed000 r--s 0003d000 08:01 13374742                   /usr/lib/jvm/java-8-openjdk-amd64/jre/lib/ext/sunjce_provider.jar
7f0a081ed000-7f0a081ee000 r--s 00010000 08:01 13374744                   /usr/lib/jvm/java-8-openjdk-amd64/jre/lib/ext/zipfs.jar
7f0a081ee000-7f0a082c6000 rw-p 00000000 00:00 0 
7f0a082c6000-7f0a082c9000 ---p 00000000 00:00 0 
7f0a082c9000-7f0a083cb000 rw-p 00000000 00:00 0 
7f0a083cb000-7f0a083d5000 r--s 00116000 08:01 13374740                   /usr/lib/jvm/java-8-openjdk-amd64/jre/lib/ext/localedata.jar
7f0a083d5000-7f0a083d9000 r--s 0003a000 08:01 13374739                   /usr/lib/jvm/java-8-openjdk-amd64/jre/lib/ext/sunpkcs11.jar
7f0a083d9000-7f0a083e1000 rw-s 00000000 08:01 16908391                   /tmp/hsperfdata_thayanna/5085
7f0a083e1000-7f0a083e2000 rw-p 00000000 00:00 0 
7f0a083e2000-7f0a083e3000 ---p 00000000 00:00 0 
7f0a083e3000-7f0a083e4000 rw-p 00000000 00:00 0 
7f0a083e4000-7f0a083e5000 r--p 00025000 08:01 24646195                   /lib/x86_64-linux-gnu/ld-2.23.so
7f0a083e5000-7f0a083e6000 rw-p 00026000 08:01 24646195                   /lib/x86_64-linux-gnu/ld-2.23.so
7f0a083e6000-7f0a083e7000 rw-p 00000000 00:00 0 
7ffdd7ccb000-7ffdd7cee000 rw-p 00000000 00:00 0                          [stack]
7ffdd7cf6000-7ffdd7cf9000 r--p 00000000 00:00 0                          [vvar]
7ffdd7cf9000-7ffdd7cfb000 r-xp 00000000 00:00 0                          [vdso]
ffffffffff600000-ffffffffff601000 r-xp 00000000 00:00 0                  [vsyscall]

VM Arguments:
jvm_args: -Dfile.encoding=UTF-8 
java_command: com.telefone.demo.DemoApplication
java_class_path (initial): /home/thayanna/Documentos/demo/target/classes:/home/thayanna/.m2/repository/org/springframework/boot/spring-boot-starter-data-jpa/2.2.4.RELEASE/spring-boot-starter-data-jpa-2.2.4.RELEASE.jar:/home/thayanna/.m2/repository/org/springframework/boot/spring-boot-starter-aop/2.2.4.RELEASE/spring-boot-starter-aop-2.2.4.RELEASE.jar:/home/thayanna/.m2/repository/org/springframework/spring-aop/5.2.3.RELEASE/spring-aop-5.2.3.RELEASE.jar:/home/thayanna/.m2/repository/org/aspectj/aspectjweaver/1.9.5/aspectjweaver-1.9.5.jar:/home/thayanna/.m2/repository/org/springframework/boot/spring-boot-starter-jdbc/2.2.4.RELEASE/spring-boot-starter-jdbc-2.2.4.RELEASE.jar:/home/thayanna/.m2/repository/com/zaxxer/HikariCP/3.4.2/HikariCP-3.4.2.jar:/home/thayanna/.m2/repository/org/springframework/spring-jdbc/5.2.3.RELEASE/spring-jdbc-5.2.3.RELEASE.jar:/home/thayanna/.m2/repository/jakarta/activation/jakarta.activation-api/1.2.1/jakarta.activation-api-1.2.1.jar:/home/thayanna/.m2/repository/jakarta/persistence/jakarta.persistence-api/2.2.3/jakarta.persistence-api-2.2.3.jar:/home/thayanna/.m2/repository/jakarta/transaction/jakarta.transaction-api/1.3.3/jakarta.transaction-api-1.3.3.jar:/home/thayanna/.m2/repository/org/hibernate/hibernate-core/5.4.10.Final/hibernate-core-5.4.10.Final.jar:/home/thayanna/.m2/repository/org/jboss/logging/jboss-logging/3.4.1.Final/jboss-logging-3.4.1.Final.jar:/home/thayanna/.m2/repository/net/bytebuddy/byte-buddy/1.10.6/byte-buddy-1.10.6.jar:/home/thayanna/.m2/repository/antlr/antlr/2.7.7/antlr-2.7.7.jar:/home/thayanna/.m2/repository/org/jboss/jandex/2.1.1.Final/jandex-2.1.1.Final.jar:/home/thayanna/.m2/repository/com/fasterxml/classmate/1.5.1/classmate-1.5.1.jar:/home/thayanna/.m2/repository/org/dom4j/dom4j/2.1.1/dom4j-2.1.1.jar:/home/thayanna/.m2/repository/org/hibernate/common/hibernate-commons-annotations/5.1.0.Final/hibernate-commons-annotations-5.1.0.Final.jar:/home/thayanna/.m2/repository/org/glassfish/jaxb/jaxb-runtime/2.3.2/jaxb-
Launcher Type: SUN_STANDARD

Environment Variables:
PATH=/home/thayanna/bin:/home/thayanna/.local/bin:/usr/local/sbin:/usr/local/bin:/usr/sbin:/usr/bin:/sbin:/bin:/usr/games:/usr/local/games:/snap/bin
SHELL=/bin/bash
DISPLAY=:0

Signal Handlers:
SIGSEGV: [libjvm.so+0xa7b8f0], sa_mask[0]=11111111011111111101111111111110, sa_flags=SA_RESTART|SA_SIGINFO
SIGBUS: [libjvm.so+0xa7b8f0], sa_mask[0]=11111111011111111101111111111110, sa_flags=SA_RESTART|SA_SIGINFO
SIGFPE: [libjvm.so+0x8c3a90], sa_mask[0]=11111111011111111101111111111110, sa_flags=SA_RESTART|SA_SIGINFO
SIGPIPE: [libjvm.so+0x8c3a90], sa_mask[0]=11111111011111111101111111111110, sa_flags=SA_RESTART|SA_SIGINFO
SIGXFSZ: [libjvm.so+0x8c3a90], sa_mask[0]=11111111011111111101111111111110, sa_flags=SA_RESTART|SA_SIGINFO
SIGILL: [libjvm.so+0x8c3a90], sa_mask[0]=11111111011111111101111111111110, sa_flags=SA_RESTART|SA_SIGINFO
SIGUSR1: SIG_DFL, sa_mask[0]=00000000000000000000000000000000, sa_flags=none
SIGUSR2: [libjvm.so+0x8c3940], sa_mask[0]=00100000000000000000000000000000, sa_flags=SA_RESTART|SA_SIGINFO
SIGHUP: [libjvm.so+0x8c3fd0], sa_mask[0]=11111111011111111101111111111110, sa_flags=SA_RESTART|SA_SIGINFO
SIGINT: [libjvm.so+0x8c3fd0], sa_mask[0]=11111111011111111101111111111110, sa_flags=SA_RESTART|SA_SIGINFO
SIGTERM: [libjvm.so+0x8c3fd0], sa_mask[0]=11111111011111111101111111111110, sa_flags=SA_RESTART|SA_SIGINFO
SIGQUIT: [libjvm.so+0x8c3fd0], sa_mask[0]=11111111011111111101111111111110, sa_flags=SA_RESTART|SA_SIGINFO


---------------  S Y S T E M  ---------------

OS:DISTRIB_ID=Ubuntu
DISTRIB_RELEASE=16.04
DISTRIB_CODENAME=xenial
DISTRIB_DESCRIPTION="Ubuntu 16.04.6 LTS"

uname:Linux 4.15.0-72-generic #81~16.04.1-Ubuntu SMP Tue Nov 26 16:34:21 UTC 2019 x86_64
libc:glibc 2.23 NPTL 2.23 
rlimit: STACK 8192k, CORE 0k, NPROC 14925, NOFILE 1048576, AS infinity
load average:8,87 3,17 1,91

/proc/meminfo:
MemTotal:        3937396 kB
MemFree:           99856 kB
MemAvailable:       6452 kB
Buffers:             964 kB
Cached:           657668 kB
SwapCached:            0 kB
Active:          2950728 kB
Inactive:         653440 kB
Active(anon):    2947120 kB
Inactive(anon):   640820 kB
Active(file):       3608 kB
Inactive(file):    12620 kB
Unevictable:         120 kB
Mlocked:             120 kB
SwapTotal:             0 kB
SwapFree:              0 kB
Dirty:                72 kB
Writeback:             8 kB
AnonPages:       2945812 kB
Mapped:           292012 kB
Shmem:            642248 kB
Slab:              88916 kB
SReclaimable:      39376 kB
SUnreclaim:        49540 kB
KernelStack:       13728 kB
PageTables:        61544 kB
NFS_Unstable:          0 kB
Bounce:                0 kB
WritebackTmp:          0 kB
CommitLimit:     1968696 kB
Committed_AS:   10368112 kB
VmallocTotal:   34359738367 kB
VmallocUsed:           0 kB
VmallocChunk:          0 kB
HardwareCorrupted:     0 kB
AnonHugePages:         0 kB
ShmemHugePages:        0 kB
ShmemPmdMapped:        0 kB
CmaTotal:              0 kB
CmaFree:               0 kB
HugePages_Total:       0
HugePages_Free:        0
HugePages_Rsvd:        0
HugePages_Surp:        0
Hugepagesize:       2048 kB
DirectMap4k:      184376 kB
DirectMap2M:     3907584 kB
DirectMap1G:     1048576 kB

container (cgroup) information:
container_type: cgroupv1
cpu_cpuset_cpus: 0-3
cpu_memory_nodes: 0
active_processor_count: 4
cpu_quota: -1
cpu_period: 100000
cpu_shares: -1
memory_limit_in_bytes: -1
memory_and_swap_limit_in_bytes: -2
memory_soft_limit_in_bytes: -1
memory_usage_in_bytes: 3693277184
memory_max_usage_in_bytes: 0


CPU:total 4 (initial active 4) (2 cores per cpu, 2 threads per core) family 6 model 61 stepping 4, cmov, cx8, fxsr, mmx, sse, sse2, sse3, ssse3, sse4.1, sse4.2, popcnt, avx, avx2, aes, clmul, erms, 3dnowpref, lzcnt, ht, tsc, tscinvbit, bmi1, bmi2, adx

/proc/cpuinfo:
processor	: 0
vendor_id	: GenuineIntel
cpu family	: 6
model		: 61
model name	: Intel(R) Core(TM) i5-5200U CPU @ 2.20GHz
stepping	: 4
microcode	: 0x2e
cpu MHz		: 2454.794
cache size	: 3072 KB
physical id	: 0
siblings	: 4
core id		: 0
cpu cores	: 2
apicid		: 0
initial apicid	: 0
fpu		: yes
fpu_exception	: yes
cpuid level	: 20
wp		: yes
flags		: fpu vme de pse tsc msr pae mce cx8 apic sep mtrr pge mca cmov pat pse36 clflush dts acpi mmx fxsr sse sse2 ss ht tm pbe syscall nx pdpe1gb rdtscp lm constant_tsc arch_perfmon pebs bts rep_good nopl xtopology nonstop_tsc cpuid aperfmperf pni pclmulqdq dtes64 monitor ds_cpl vmx est tm2 ssse3 sdbg fma cx16 xtpr pdcm pcid sse4_1 sse4_2 x2apic movbe popcnt tsc_deadline_timer aes xsave avx f16c rdrand lahf_lm abm 3dnowprefetch cpuid_fault epb invpcid_single pti ssbd ibrs ibpb stibp tpr_shadow vnmi flexpriority ept vpid fsgsbase tsc_adjust bmi1 avx2 smep bmi2 erms invpcid rdseed adx smap intel_pt xsaveopt dtherm ida arat pln pts md_clear flush_l1d
bugs		: cpu_meltdown spectre_v1 spectre_v2 spec_store_bypass l1tf mds swapgs itlb_multihit
bogomips	: 4389.79
clflush size	: 64
cache_alignment	: 64
address sizes	: 39 bits physical, 48 bits virtual
power management:

processor	: 1
vendor_id	: GenuineIntel
cpu family	: 6
model		: 61
model name	: Intel(R) Core(TM) i5-5200U CPU @ 2.20GHz
stepping	: 4
microcode	: 0x2e
cpu MHz		: 2471.358
cache size	: 3072 KB
physical id	: 0
siblings	: 4
core id		: 1
cpu cores	: 2
apicid		: 2
initial apicid	: 2
fpu		: yes
fpu_exception	: yes
cpuid level	: 20
wp		: yes
flags		: fpu vme de pse tsc msr pae mce cx8 apic sep mtrr pge mca cmov pat pse36 clflush dts acpi mmx fxsr sse sse2 ss ht tm pbe syscall nx pdpe1gb rdtscp lm constant_tsc arch_perfmon pebs bts rep_good nopl xtopology nonstop_tsc cpuid aperfmperf pni pclmulqdq dtes64 monitor ds_cpl vmx est tm2 ssse3 sdbg fma cx16 xtpr pdcm pcid sse4_1 sse4_2 x2apic movbe popcnt tsc_deadline_timer aes xsave avx f16c rdrand lahf_lm abm 3dnowprefetch cpuid_fault epb invpcid_single pti ssbd ibrs ibpb stibp tpr_shadow vnmi flexpriority ept vpid fsgsbase tsc_adjust bmi1 avx2 smep bmi2 erms invpcid rdseed adx smap intel_pt xsaveopt dtherm ida arat pln pts md_clear flush_l1d
bugs		: cpu_meltdown spectre_v1 spectre_v2 spec_store_bypass l1tf mds swapgs itlb_multihit
bogomips	: 4389.79
clflush size	: 64
cache_alignment	: 64
address sizes	: 39 bits physical, 48 bits virtual
power management:

processor	: 2
vendor_id	: GenuineIntel
cpu family	: 6
model		: 61
model name	: Intel(R) Core(TM) i5-5200U CPU @ 2.20GHz
stepping	: 4
microcode	: 0x2e
cpu MHz		: 2444.687
cache size	: 3072 KB
physical id	: 0
siblings	: 4
core id		: 0
cpu cores	: 2
apicid		: 1
initial apicid	: 1
fpu		: yes
fpu_exception	: yes
cpuid level	: 20
wp		: yes
flags		: fpu vme de pse tsc msr pae mce cx8 apic sep mtrr pge mca cmov pat pse36 clflush dts acpi mmx fxsr sse sse2 ss ht tm pbe syscall nx pdpe1gb rdtscp lm constant_tsc arch_perfmon pebs bts rep_good nopl xtopology nonstop_tsc cpuid aperfmperf pni pclmulqdq dtes64 monitor ds_cpl vmx est tm2 ssse3 sdbg fma cx16 xtpr pdcm pcid sse4_1 sse4_2 x2apic movbe popcnt tsc_deadline_timer aes xsave avx f16c rdrand lahf_lm abm 3dnowprefetch cpuid_fault epb invpcid_single pti ssbd ibrs ibpb stibp tpr_shadow vnmi flexpriority ept vpid fsgsbase tsc_adjust bmi1 avx2 smep bmi2 erms invpcid rdseed adx smap intel_pt xsaveopt dtherm ida arat pln pts md_clear flush_l1d
bugs		: cpu_meltdown spectre_v1 spectre_v2 spec_store_bypass l1tf mds swapgs itlb_multihit
bogomips	: 4389.79
clflush size	: 64
cache_alignment	: 64
address sizes	: 39 bits physical, 48 bits virtual
power management:

processor	: 3
vendor_id	: GenuineIntel
cpu family	: 6
model		: 61
model name	: Intel(R) Core(TM) i5-5200U CPU @ 2.20GHz
stepping	: 4
microcode	: 0x2e
cpu MHz		: 2477.404
cache size	: 3072 KB
physical id	: 0
siblings	: 4
core id		: 1
cpu cores	: 2
apicid		: 3
initial apicid	: 3
fpu		: yes
fpu_exception	: yes
cpuid level	: 20
wp		: yes
flags		: fpu vme de pse tsc msr pae mce cx8 apic sep mtrr pge mca cmov pat pse36 clflush dts acpi mmx fxsr sse sse2 ss ht tm pbe syscall nx pdpe1gb rdtscp lm constant_tsc arch_perfmon pebs bts rep_good nopl xtopology nonstop_tsc cpuid aperfmperf pni pclmulqdq dtes64 monitor ds_cpl vmx est tm2 ssse3 sdbg fma cx16 xtpr pdcm pcid sse4_1 sse4_2 x2apic movbe popcnt tsc_deadline_timer aes xsave avx f16c rdrand lahf_lm abm 3dnowprefetch cpuid_fault epb invpcid_single pti ssbd ibrs ibpb stibp tpr_shadow vnmi flexpriority ept vpid fsgsbase tsc_adjust bmi1 avx2 smep bmi2 erms invpcid rdseed adx smap intel_pt xsaveopt dtherm ida arat pln pts md_clear flush_l1d
bugs		: cpu_meltdown spectre_v1 spectre_v2 spec_store_bypass l1tf mds swapgs itlb_multihit
bogomips	: 4389.79
clflush size	: 64
cache_alignment	: 64
address sizes	: 39 bits physical, 48 bits virtual
power management:



Memory: 4k page, physical 3937396k(95020k free), swap 0k(0k free)

vm_info: OpenJDK 64-Bit Server VM (25.242-b08) for linux-amd64 JRE (1.8.0_242-8u242-b08-0ubuntu3~16.04-b08), built on Jan 18 2020 03:34:56 by "buildd" with gcc 5.4.0 20160609

time: Thu Feb 20 00:50:18 2020
timezone: -03
elapsed time: 12 seconds (0d 0h 0m 12s)

