#
# There is insufficient memory for the Java Runtime Environment to continue.
# Native memory allocation (mmap) failed to map 45613056 bytes for committing reserved memory.
# Possible reasons:
#   The system is out of physical RAM or swap space
#   The process is running with CompressedOops enabled, and the Java Heap may be blocking the growth of the native heap
# Possible solutions:
#   Reduce memory load on the system
#   Increase physical memory or swap space
#   Check if swap backing store is full
#   Decrease Java heap size (-Xmx/-Xms)
#   Decrease number of Java threads
#   Decrease Java thread stack sizes (-Xss)
#   Set larger code cache with -XX:ReservedCodeCacheSize=
#   JVM is running with Unscaled Compressed Oops mode in which the Java heap is
#     placed in the first 4GB address space. The Java Heap base address is the
#     maximum limit for the native heap growth. Please use -XX:HeapBaseMinAddress
#     to set the Java Heap base and to place the Java Heap above 4GB virtual address.
# This output file may be truncated or incomplete.
#
#  Out of Memory Error (os_linux.cpp:2757), pid=2390, tid=0x00007f4fda2e0700
#
# JRE version: OpenJDK Runtime Environment (8.0_242-b08) (build 1.8.0_242-8u242-b08-0ubuntu3~16.04-b08)
# Java VM: OpenJDK 64-Bit Server VM (25.242-b08 mixed mode linux-amd64 compressed oops)
# Failed to write core dump. Core dumps have been disabled. To enable core dumping, try "ulimit -c unlimited" before starting Java again
#

---------------  T H R E A D  ---------------

Current thread (0x00007f4fec07c000):  VMThread [stack: 0x00007f4fda1e0000,0x00007f4fda2e1000] [id=2401]

Stack: [0x00007f4fda1e0000,0x00007f4fda2e1000],  sp=0x00007f4fda2df4b0,  free space=1021k
Native frames: (J=compiled Java code, j=interpreted, Vv=VM code, C=native code)
V  [libjvm.so+0xa7ad8b]
V  [libjvm.so+0x4ccbcc]
V  [libjvm.so+0x8c8a28]
V  [libjvm.so+0x8c006e]
V  [libjvm.so+0x93ddb6]
V  [libjvm.so+0x93f0e3]
V  [libjvm.so+0x93b7c4]
V  [libjvm.so+0x93ba5c]
V  [libjvm.so+0x8ed723]
V  [libjvm.so+0xa7cac2]
V  [libjvm.so+0xa81b57]
V  [libjvm.so+0xa7f3b7]
V  [libjvm.so+0xa8069f]
V  [libjvm.so+0xa80bc2]
V  [libjvm.so+0x8c5d82]

VM_Operation (0x00007f4fd881ab20): ParallelGCFailedAllocation, mode: safepoint, requested by thread 0x00007f4f9c002800


---------------  P R O C E S S  ---------------

Java Threads: ( => current thread )
  0x00007f4f958f2000 JavaThread "Live Reload Server" daemon [_thread_in_native, id=2423, stack(0x00007f4f926ce000,0x00007f4f927cf000)]
  0x00007f4f7c001000 JavaThread "HikariPool-1 connection adder" daemon [_thread_blocked, id=2419, stack(0x00007f4f92dcf000,0x00007f4f92ed0000)]
  0x00007f4f952d6800 JavaThread "HikariPool-1 housekeeper" daemon [_thread_blocked, id=2418, stack(0x00007f4f92ed0000,0x00007f4f92fd1000)]
  0x00007f4f94bf1000 JavaThread "mysql-cj-abandoned-connection-cleanup" daemon [_thread_blocked, id=2417, stack(0x00007f4f93bfe000,0x00007f4f93cff000)]
  0x00007f4f94bd9000 JavaThread "container-0" [_thread_blocked, id=2416, stack(0x00007f4f93cff000,0x00007f4f93e00000)]
  0x00007f4f94bd8800 JavaThread "Catalina-utility-2" [_thread_blocked, id=2415, stack(0x00007f4fa00fe000,0x00007f4fa01ff000)]
  0x00007f4f94bce000 JavaThread "Catalina-utility-1" [_thread_blocked, id=2414, stack(0x00007f4fd8620000,0x00007f4fd8721000)]
  0x00007f4f9c002800 JavaThread "restartedMain" [_thread_blocked, id=2411, stack(0x00007f4fd8721000,0x00007f4fd8822000)]
  0x00007f4fec438800 JavaThread "Thread-0" [_thread_blocked, id=2410, stack(0x00007f4fd8822000,0x00007f4fd8923000)]
  0x00007f4fec0cc000 JavaThread "Service Thread" daemon [_thread_blocked, id=2408, stack(0x00007f4fd911a000,0x00007f4fd921b000)]
  0x00007f4fec0c0800 JavaThread "C1 CompilerThread2" daemon [_thread_blocked, id=2407, stack(0x00007f4fd921b000,0x00007f4fd931c000)]
  0x00007f4fec0bf000 JavaThread "C2 CompilerThread1" daemon [_thread_blocked, id=2406, stack(0x00007f4fd931c000,0x00007f4fd941d000)]
  0x00007f4fec0bc000 JavaThread "C2 CompilerThread0" daemon [_thread_blocked, id=2405, stack(0x00007f4fd941d000,0x00007f4fd951e000)]
  0x00007f4fec0ba800 JavaThread "Signal Dispatcher" daemon [_thread_blocked, id=2404, stack(0x00007f4fd951e000,0x00007f4fd961f000)]
  0x00007f4fec08a000 JavaThread "Finalizer" daemon [_thread_blocked, id=2403, stack(0x00007f4fd9fde000,0x00007f4fda0df000)]
  0x00007f4fec085800 JavaThread "Reference Handler" daemon [_thread_blocked, id=2402, stack(0x00007f4fda0df000,0x00007f4fda1e0000)]
  0x00007f4fec00e000 JavaThread "main" [_thread_blocked, id=2396, stack(0x00007f4ff4dee000,0x00007f4ff4eef000)]

Other Threads:
=>0x00007f4fec07c000 VMThread [stack: 0x00007f4fda1e0000,0x00007f4fda2e1000] [id=2401]
  0x00007f4fec0ce000 WatcherThread [stack: 0x00007f4fd9019000,0x00007f4fd911a000] [id=2409]

VM state:at safepoint (normal execution)

VM Mutex/Monitor currently owned by a thread:  ([mutex/lock_event])
[0x00007f4fec00a790] Threads_lock - owner thread: 0x00007f4fec07c000
[0x00007f4fec00ac90] Heap_lock - owner thread: 0x00007f4f9c002800

heap address: 0x00000000c3e00000, size: 962 MB, Compressed Oops mode: 32-bit
Narrow klass base: 0x0000000000000000, Narrow klass shift: 3
Compressed class space size: 1073741824 Address: 0x0000000100000000

Heap:
 PSYoungGen      total 159232K, used 12276K [0x00000000ebf80000, 0x00000000f7800000, 0x0000000100000000)
  eden space 146944K, 0% used [0x00000000ebf80000,0x00000000ebf80000,0x00000000f4f00000)
  from space 12288K, 99% used [0x00000000f4f00000,0x00000000f5afd398,0x00000000f5b00000)
  to   space 11264K, 0% used [0x00000000f5b00000,0x00000000f5b00000,0x00000000f6600000)
 ParOldGen       total 46080K, used 23896K [0x00000000c3e00000, 0x00000000c6b00000, 0x00000000ebf80000)
  object space 46080K, 51% used [0x00000000c3e00000,0x00000000c55562a0,0x00000000c6b00000)
 Metaspace       used 51555K, capacity 54078K, committed 54272K, reserved 1095680K
  class space    used 6935K, capacity 7417K, committed 7424K, reserved 1048576K

Card table byte_map: [0x00007f4ff12ad000,0x00007f4ff148f000] byte_map_base: 0x00007f4ff0c8e000

Marking Bits: (ParMarkBitMap*) 0x00007f4ff40b65c0
 Begin Bits: [0x00007f4fdb1f0000, 0x00007f4fdc0f8000)
 End Bits:   [0x00007f4fdc0f8000, 0x00007f4fdd000000)

Polling page: 0x00007f4ff4f0a000

CodeCache: size=245760Kb used=12888Kb max_used=12888Kb free=232871Kb
 bounds [0x00007f4fdd000000, 0x00007f4fddcb0000, 0x00007f4fec000000]
 total_blobs=4175 nmethods=3646 adapters=443
 compilation: enabled

Compilation events (10 events):
Event: 9,784 Thread 0x00007f4fec0c0800 4031       3       org.springframework.core.annotation.AnnotationUtils$$Lambda$666/1481503971::test (10 bytes)
Event: 9,784 Thread 0x00007f4fec0c0800 nmethod 4031 0x00007f4fddc9d610 code [0x00007f4fddc9d780, 0x00007f4fddc9daa8]
Event: 9,784 Thread 0x00007f4fec0c0800 4029       3       org.springframework.data.repository.core.support.DefaultRepositoryInformation::isQueryAnnotationPresentOn (15 bytes)
Event: 9,784 Thread 0x00007f4fec0c0800 nmethod 4029 0x00007f4fddc9db90 code [0x00007f4fddc9dd00, 0x00007f4fddc9dee8]
Event: 9,784 Thread 0x00007f4fec0c0800 4030       3       org.springframework.core.annotation.AnnotationUtils::findAnnotation (70 bytes)
Event: 9,786 Thread 0x00007f4fec0c0800 nmethod 4030 0x00007f4fddc9df90 code [0x00007f4fddc9e2e0, 0x00007f4fddc9fbd8]
Event: 9,786 Thread 0x00007f4fec0c0800 4033       3       org.springframework.data.repository.core.support.DefaultRepositoryInformation::isBaseClassMethod (23 bytes)
Event: 9,787 Thread 0x00007f4fec0c0800 nmethod 4033 0x00007f4fddca0810 code [0x00007f4fddca0a00, 0x00007f4fddca1258]
Event: 9,807 Thread 0x00007f4fec0c0800 4034       1       org.springframework.core.annotation.MissingMergedAnnotation::withNonMergedAttributes (2 bytes)
Event: 9,807 Thread 0x00007f4fec0c0800 nmethod 4034 0x00007f4fddca1710 code [0x00007f4fddca1860, 0x00007f4fddca1970]

GC Heap History (10 events):
Event: 1,980 GC heap after
Heap after GC invocations=8 (full 1):
 PSYoungGen      total 68096K, used 0K [0x00000000ebf80000, 0x00000000f4a80000, 0x0000000100000000)
  eden space 62464K, 0% used [0x00000000ebf80000,0x00000000ebf80000,0x00000000efc80000)
  from space 5632K, 0% used [0x00000000efc80000,0x00000000efc80000,0x00000000f0200000)
  to   space 8704K, 0% used [0x00000000f4200000,0x00000000f4200000,0x00000000f4a80000)
 ParOldGen       total 34304K, used 10033K [0x00000000c3e00000, 0x00000000c5f80000, 0x00000000ebf80000)
  object space 34304K, 29% used [0x00000000c3e00000,0x00000000c47cc7b0,0x00000000c5f80000)
 Metaspace       used 20521K, capacity 21196K, committed 21296K, reserved 1069056K
  class space    used 2597K, capacity 2749K, committed 2816K, reserved 1048576K
}
Event: 2,562 GC heap before
{Heap before GC invocations=9 (full 1):
 PSYoungGen      total 68096K, used 62464K [0x00000000ebf80000, 0x00000000f4a80000, 0x0000000100000000)
  eden space 62464K, 100% used [0x00000000ebf80000,0x00000000efc80000,0x00000000efc80000)
  from space 5632K, 0% used [0x00000000efc80000,0x00000000efc80000,0x00000000f0200000)
  to   space 8704K, 0% used [0x00000000f4200000,0x00000000f4200000,0x00000000f4a80000)
 ParOldGen       total 34304K, used 10033K [0x00000000c3e00000, 0x00000000c5f80000, 0x00000000ebf80000)
  object space 34304K, 29% used [0x00000000c3e00000,0x00000000c47cc7b0,0x00000000c5f80000)
 Metaspace       used 21763K, capacity 22568K, committed 22704K, reserved 1069056K
  class space    used 2737K, capacity 2937K, committed 2944K, reserved 1048576K
Event: 2,577 GC heap after
Heap after GC invocations=9 (full 1):
 PSYoungGen      total 109056K, used 2271K [0x00000000ebf80000, 0x00000000f4480000, 0x0000000100000000)
  eden space 106496K, 0% used [0x00000000ebf80000,0x00000000ebf80000,0x00000000f2780000)
  from space 2560K, 88% used [0x00000000f4200000,0x00000000f4437d80,0x00000000f4480000)
  to   space 8704K, 0% used [0x00000000f3380000,0x00000000f3380000,0x00000000f3c00000)
 ParOldGen       total 34304K, used 10041K [0x00000000c3e00000, 0x00000000c5f80000, 0x00000000ebf80000)
  object space 34304K, 29% used [0x00000000c3e00000,0x00000000c47ce7b0,0x00000000c5f80000)
 Metaspace       used 21763K, capacity 22568K, committed 22704K, reserved 1069056K
  class space    used 2737K, capacity 2937K, committed 2944K, reserved 1048576K
}
Event: 4,549 GC heap before
{Heap before GC invocations=10 (full 1):
 PSYoungGen      total 109056K, used 108767K [0x00000000ebf80000, 0x00000000f4480000, 0x0000000100000000)
  eden space 106496K, 100% used [0x00000000ebf80000,0x00000000f2780000,0x00000000f2780000)
  from space 2560K, 88% used [0x00000000f4200000,0x00000000f4437d80,0x00000000f4480000)
  to   space 8704K, 0% used [0x00000000f3380000,0x00000000f3380000,0x00000000f3c00000)
 ParOldGen       total 34304K, used 10041K [0x00000000c3e00000, 0x00000000c5f80000, 0x00000000ebf80000)
  object space 34304K, 29% used [0x00000000c3e00000,0x00000000c47ce7b0,0x00000000c5f80000)
 Metaspace       used 29471K, capacity 31230K, committed 31616K, reserved 1077248K
  class space    used 3780K, capacity 4103K, committed 4224K, reserved 1048576K
Event: 4,560 GC heap after
Heap after GC invocations=10 (full 1):
 PSYoungGen      total 127488K, used 8690K [0x00000000ebf80000, 0x00000000f6600000, 0x0000000100000000)
  eden space 118784K, 0% used [0x00000000ebf80000,0x00000000ebf80000,0x00000000f3380000)
  from space 8704K, 99% used [0x00000000f3380000,0x00000000f3bfc808,0x00000000f3c00000)
  to   space 11264K, 0% used [0x00000000f5b00000,0x00000000f5b00000,0x00000000f6600000)
 ParOldGen       total 34304K, used 12702K [0x00000000c3e00000, 0x00000000c5f80000, 0x00000000ebf80000)
  object space 34304K, 37% used [0x00000000c3e00000,0x00000000c4a678c0,0x00000000c5f80000)
 Metaspace       used 29471K, capacity 31230K, committed 31616K, reserved 1077248K
  class space    used 3780K, capacity 4103K, committed 4224K, reserved 1048576K
}
Event: 5,341 GC heap before
{Heap before GC invocations=11 (full 1):
 PSYoungGen      total 127488K, used 123775K [0x00000000ebf80000, 0x00000000f6600000, 0x0000000100000000)
  eden space 118784K, 96% used [0x00000000ebf80000,0x00000000f2fe35f8,0x00000000f3380000)
  from space 8704K, 99% used [0x00000000f3380000,0x00000000f3bfc808,0x00000000f3c00000)
  to   space 11264K, 0% used [0x00000000f5b00000,0x00000000f5b00000,0x00000000f6600000)
 ParOldGen       total 34304K, used 12702K [0x00000000c3e00000, 0x00000000c5f80000, 0x00000000ebf80000)
  object space 34304K, 37% used [0x00000000c3e00000,0x00000000c4a678c0,0x00000000c5f80000)
 Metaspace       used 33511K, capacity 35274K, committed 35456K, reserved 1079296K
  class space    used 4323K, capacity 4647K, committed 4736K, reserved 1048576K
Event: 5,364 GC heap after
Heap after GC invocations=11 (full 1):
 PSYoungGen      total 158208K, used 9047K [0x00000000ebf80000, 0x00000000f7800000, 0x0000000100000000)
  eden space 146944K, 0% used [0x00000000ebf80000,0x00000000ebf80000,0x00000000f4f00000)
  from space 11264K, 80% used [0x00000000f5b00000,0x00000000f63d5d68,0x00000000f6600000)
  to   space 12288K, 0% used [0x00000000f4f00000,0x00000000f4f00000,0x00000000f5b00000)
 ParOldGen       total 34304K, used 13548K [0x00000000c3e00000, 0x00000000c5f80000, 0x00000000ebf80000)
  object space 34304K, 39% used [0x00000000c3e00000,0x00000000c4b3b1c8,0x00000000c5f80000)
 Metaspace       used 33511K, capacity 35274K, committed 35456K, reserved 1079296K
  class space    used 4323K, capacity 4647K, committed 4736K, reserved 1048576K
}
Event: 5,364 GC heap before
{Heap before GC invocations=12 (full 2):
 PSYoungGen      total 158208K, used 9047K [0x00000000ebf80000, 0x00000000f7800000, 0x0000000100000000)
  eden space 146944K, 0% used [0x00000000ebf80000,0x00000000ebf80000,0x00000000f4f00000)
  from space 11264K, 80% used [0x00000000f5b00000,0x00000000f63d5d68,0x00000000f6600000)
  to   space 12288K, 0% used [0x00000000f4f00000,0x00000000f4f00000,0x00000000f5b00000)
 ParOldGen       total 34304K, used 13548K [0x00000000c3e00000, 0x00000000c5f80000, 0x00000000ebf80000)
  object space 34304K, 39% used [0x00000000c3e00000,0x00000000c4b3b1c8,0x00000000c5f80000)
 Metaspace       used 33511K, capacity 35274K, committed 35456K, reserved 1079296K
  class space    used 4323K, capacity 4647K, committed 4736K, reserved 1048576K
Event: 5,442 GC heap after
Heap after GC invocations=12 (full 2):
 PSYoungGen      total 158208K, used 0K [0x00000000ebf80000, 0x00000000f7800000, 0x0000000100000000)
  eden space 146944K, 0% used [0x00000000ebf80000,0x00000000ebf80000,0x00000000f4f00000)
  from space 11264K, 0% used [0x00000000f5b00000,0x00000000f5b00000,0x00000000f6600000)
  to   space 12288K, 0% used [0x00000000f4f00000,0x00000000f4f00000,0x00000000f5b00000)
 ParOldGen       total 46080K, used 13723K [0x00000000c3e00000, 0x00000000c6b00000, 0x00000000ebf80000)
  object space 46080K, 29% used [0x00000000c3e00000,0x00000000c4b66f10,0x00000000c6b00000)
 Metaspace       used 33511K, capacity 35274K, committed 35456K, reserved 1079296K
  class space    used 4323K, capacity 4647K, committed 4736K, reserved 1048576K
}
Event: 9,944 GC heap before
{Heap before GC invocations=13 (full 2):
 PSYoungGen      total 158208K, used 146944K [0x00000000ebf80000, 0x00000000f7800000, 0x0000000100000000)
  eden space 146944K, 100% used [0x00000000ebf80000,0x00000000f4f00000,0x00000000f4f00000)
  from space 11264K, 0% used [0x00000000f5b00000,0x00000000f5b00000,0x00000000f6600000)
  to   space 12288K, 0% used [0x00000000f4f00000,0x00000000f4f00000,0x00000000f5b00000)
 ParOldGen       total 46080K, used 13723K [0x00000000c3e00000, 0x00000000c6b00000, 0x00000000ebf80000)
  object space 46080K, 29% used [0x00000000c3e00000,0x00000000c4b66f10,0x00000000c6b00000)
 Metaspace       used 51555K, capacity 54078K, committed 54272K, reserved 1095680K
  class space    used 6935K, capacity 7417K, committed 7424K, reserved 1048576K

Deoptimization events (10 events):
Event: 8,677 Thread 0x00007f4f9c002800 Uncommon trap: reason=class_check action=maybe_recompile pc=0x00007f4fdd9670c0 method=org.springframework.beans.factory.support.AbstractBeanFactory.isTypeMatch(Ljava/lang/String;Lorg/springframework/core/ResolvableType;Z)Z @ 53
Event: 8,739 Thread 0x00007f4f9c002800 Uncommon trap: reason=class_check action=maybe_recompile pc=0x00007f4fdd9670c0 method=org.springframework.beans.factory.support.AbstractBeanFactory.isTypeMatch(Ljava/lang/String;Lorg/springframework/core/ResolvableType;Z)Z @ 53
Event: 8,748 Thread 0x00007f4f9c002800 Uncommon trap: reason=unstable_if action=reinterpret pc=0x00007f4fdd76717c method=org.springframework.beans.factory.support.AbstractAutowireCapableBeanFactory.determineTargetType(Ljava/lang/String;Lorg/springframework/beans/factory/support/RootBeanDefinit
Event: 8,787 Thread 0x00007f4f9c002800 Uncommon trap: reason=unstable_if action=reinterpret pc=0x00007f4fdd746f4c method=org.springframework.asm.ClassReader.readUtf(II[C)Ljava/lang/String; @ 41
Event: 8,880 Thread 0x00007f4f9c002800 Uncommon trap: reason=class_check action=maybe_recompile pc=0x00007f4fdd9670c0 method=org.springframework.beans.factory.support.AbstractBeanFactory.isTypeMatch(Ljava/lang/String;Lorg/springframework/core/ResolvableType;Z)Z @ 53
Event: 9,400 Thread 0x00007f4f9c002800 Uncommon trap: reason=unstable_if action=reinterpret pc=0x00007f4fdd950f60 method=org.springframework.util.ConcurrentReferenceHashMap$Segment.restructureIfNecessary(Z)V @ 41
Event: 9,480 Thread 0x00007f4f9c002800 Uncommon trap: reason=unstable_if action=reinterpret pc=0x00007f4fdd9422b8 method=org.springframework.util.ConcurrentReferenceHashMap$Segment.restructureIfNecessary(Z)V @ 41
Event: 9,544 Thread 0x00007f4f9c002800 Uncommon trap: reason=unstable_if action=reinterpret pc=0x00007f4fdd6bb88c method=org.springframework.util.ConcurrentReferenceHashMap$Segment.restructureIfNecessary(Z)V @ 41
Event: 9,705 Thread 0x00007f4f9c002800 Uncommon trap: reason=unstable_if action=reinterpret pc=0x00007f4fddc0f634 method=org.springframework.core.annotation.AnnotationsScanner.processMethodHierarchy(Ljava/lang/Object;[ILjava/lang/Class;Lorg/springframework/core/annotation/AnnotationsProcessor;
Event: 9,719 Thread 0x00007f4f9c002800 Uncommon trap: reason=unstable_if action=reinterpret pc=0x00007f4fddc351c0 method=org.springframework.core.annotation.AnnotationsScanner.processMethodHierarchy(Ljava/lang/Object;[ILjava/lang/Class;Lorg/springframework/core/annotation/AnnotationsProcessor;

Classes redefined (0 events):
No events

Internal exceptions (10 events):
Event: 9,467 Thread 0x00007f4f9c002800 Exception <a 'java/lang/ClassNotFoundException': com/telefone/demo/model/DadosFuncionarioCustomizer> (0x00000000f45591e8) thrown at [/build/openjdk-8-Wut_v1/openjdk-8-8u242-b08/src/hotspot/src/share/vm/classfile/systemDictionary.cpp, line 210]
Event: 9,479 Thread 0x00007f4f9c002800 Exception <a 'java/lang/NoSuchMethodError': java.lang.Object.lambda$of$0([Ljava/lang/Object;)Ljava/util/Iterator;> (0x00000000f45b86a0) thrown at [/build/openjdk-8-Wut_v1/openjdk-8-8u242-b08/src/hotspot/src/share/vm/interpreter/linkResolver.cpp, line 620]
Event: 9,508 Thread 0x00007f4f9c002800 Exception <a 'java/lang/NoSuchMethodError': java.lang.Object.lambda$toStream$0(Ljava/util/Optional;)Ljava/util/stream/Stream;> (0x00000000f465fb10) thrown at [/build/openjdk-8-Wut_v1/openjdk-8-8u242-b08/src/hotspot/src/share/vm/interpreter/linkResolver.cp
Event: 9,516 Thread 0x00007f4f9c002800 Exception <a 'java/lang/NoSuchMethodError': java.lang.Object.of(Ljava/lang/Object;)Ljava/util/stream/Stream;> (0x00000000f4666360) thrown at [/build/openjdk-8-Wut_v1/openjdk-8-8u242-b08/src/hotspot/src/share/vm/interpreter/linkResolver.cpp, line 620]
Event: 9,517 Thread 0x00007f4f9c002800 Exception <a 'java/lang/NoSuchMethodError': java.lang.Object.empty()Ljava/util/stream/Stream;> (0x00000000f46691a8) thrown at [/build/openjdk-8-Wut_v1/openjdk-8-8u242-b08/src/hotspot/src/share/vm/interpreter/linkResolver.cpp, line 620]
Event: 9,531 Thread 0x00007f4f9c002800 Exception <a 'java/lang/NoSuchMethodError': java.lang.Object.fromNullable(Ljava/lang/Object;)Ljava/util/stream/Stream;> (0x00000000f468f1f0) thrown at [/build/openjdk-8-Wut_v1/openjdk-8-8u242-b08/src/hotspot/src/share/vm/interpreter/linkResolver.cpp, line
Event: 9,583 Thread 0x00007f4f9c002800 Exception <a 'java/lang/NoSuchMethodError': java.lang.Object.lambda$direct$0(Lorg/springframework/data/repository/core/support/MethodLookup$InvokedMethod;Ljava/lang/reflect/Method;)Z> (0x00000000f48cb510) thrown at [/build/openjdk-8-Wut_v1/openjdk-8-8u242
Event: 9,588 Thread 0x00007f4f9c002800 Exception <a 'java/lang/NoSuchMethodError': java.lang.Object.lambda$direct$1(Lorg/springframework/data/repository/core/support/MethodLookup$MethodPredicate;)Ljava/util/List;> (0x00000000f48ce4b0) thrown at [/build/openjdk-8-Wut_v1/openjdk-8-8u242-b08/src/
Event: 9,597 Thread 0x00007f4f9c002800 Exception <a 'java/lang/NoSuchMethodError': java.lang.Object.lambda$and$0(Lorg/springframework/data/repository/core/support/MethodLookup;)Ljava/util/List;> (0x00000000f48f4570) thrown at [/build/openjdk-8-Wut_v1/openjdk-8-8u242-b08/src/hotspot/src/share/v
Event: 9,633 Thread 0x00007f4f9c002800 Exception <a 'java/lang/IncompatibleClassChangeError': Found class java.lang.Object, but interface was expected> (0x00000000f49884d0) thrown at [/build/openjdk-8-Wut_v1/openjdk-8-8u242-b08/src/hotspot/src/share/vm/interpreter/linkResolver.cpp, line 653]

Events (10 events):
Event: 9,916 loading class org/springframework/data/util/Pair done
Event: 9,916 loading class org/springframework/data/repository/core/support/RepositoryFactorySupport$QueryExecutorMethodInterceptor
Event: 9,917 loading class org/springframework/data/repository/core/support/RepositoryFactorySupport$QueryExecutorMethodInterceptor done
Event: 9,917 loading class org/springframework/data/util/Pair
Event: 9,917 loading class org/springframework/data/util/Pair done
Event: 9,918 loading class org/springframework/data/jpa/repository/query/JpaQueryMethod
Event: 9,918 loading class org/springframework/data/jpa/repository/query/JpaQueryMethod done
Event: 9,930 loading class org/springframework/data/repository/query/Parameters
Event: 9,930 loading class org/springframework/data/repository/query/Parameters done
Event: 9,936 Executing VM operation: ParallelGCFailedAllocation


Dynamic libraries:
00400000-00401000 r-xp 00000000 08:01 13247648                           /usr/lib/jvm/java-8-openjdk-amd64/jre/bin/java
00600000-00601000 r--p 00000000 08:01 13247648                           /usr/lib/jvm/java-8-openjdk-amd64/jre/bin/java
00601000-00602000 rw-p 00001000 08:01 13247648                           /usr/lib/jvm/java-8-openjdk-amd64/jre/bin/java
01027000-01048000 rw-p 00000000 00:00 0                                  [heap]
c3e00000-c6b00000 rw-p 00000000 00:00 0 
c6b00000-ebf80000 ---p 00000000 00:00 0 
ebf80000-f7800000 rw-p 00000000 00:00 0 
fa380000-100000000 ---p 00000000 00:00 0 
100000000-100740000 rw-p 00000000 00:00 0 
100740000-140000000 ---p 00000000 00:00 0 
7f4f74000000-7f4f74021000 rw-p 00000000 00:00 0 
7f4f74021000-7f4f78000000 ---p 00000000 00:00 0 
7f4f7c000000-7f4f7c021000 rw-p 00000000 00:00 0 
7f4f7c021000-7f4f80000000 ---p 00000000 00:00 0 
7f4f80000000-7f4f80021000 rw-p 00000000 00:00 0 
7f4f80021000-7f4f84000000 ---p 00000000 00:00 0 
7f4f84000000-7f4f84021000 rw-p 00000000 00:00 0 
7f4f84021000-7f4f88000000 ---p 00000000 00:00 0 
7f4f88000000-7f4f88021000 rw-p 00000000 00:00 0 
7f4f88021000-7f4f8c000000 ---p 00000000 00:00 0 
7f4f8c000000-7f4f8c021000 rw-p 00000000 00:00 0 
7f4f8c021000-7f4f90000000 ---p 00000000 00:00 0 
7f4f924ce000-7f4f9268e000 rw-p 00000000 00:00 0 
7f4f9268e000-7f4f926ce000 ---p 00000000 00:00 0 
7f4f926ce000-7f4f926d1000 ---p 00000000 00:00 0 
7f4f926d1000-7f4f929cf000 rw-p 00000000 00:00 0 
7f4f929cf000-7f4f92bcf000 rw-p 00000000 00:00 0 
7f4f92bcf000-7f4f92dcf000 rw-p 00000000 00:00 0 
7f4f92dcf000-7f4f92dd2000 ---p 00000000 00:00 0 
7f4f92dd2000-7f4f92ed0000 rw-p 00000000 00:00 0 
7f4f92ed0000-7f4f92ed3000 ---p 00000000 00:00 0 
7f4f92ed3000-7f4f931d1000 rw-p 00000000 00:00 0 
7f4f931d1000-7f4f931f9000 r-xp 00000000 08:01 13374761                   /usr/lib/jvm/java-8-openjdk-amd64/jre/lib/amd64/libsunec.so
7f4f931f9000-7f4f933f9000 ---p 00028000 08:01 13374761                   /usr/lib/jvm/java-8-openjdk-amd64/jre/lib/amd64/libsunec.so
7f4f933f9000-7f4f933fd000 r--p 00028000 08:01 13374761                   /usr/lib/jvm/java-8-openjdk-amd64/jre/lib/amd64/libsunec.so
7f4f933fd000-7f4f933fe000 rw-p 0002c000 08:01 13374761                   /usr/lib/jvm/java-8-openjdk-amd64/jre/lib/amd64/libsunec.so
7f4f933fe000-7f4f935fe000 rw-p 00000000 00:00 0 
7f4f935fe000-7f4f937fe000 rw-p 00000000 00:00 0 
7f4f937fe000-7f4f939fe000 rw-p 00000000 00:00 0 
7f4f939fe000-7f4f93bfe000 rw-p 00000000 00:00 0 
7f4f93bfe000-7f4f93c01000 ---p 00000000 00:00 0 
7f4f93c01000-7f4f93cff000 rw-p 00000000 00:00 0 
7f4f93cff000-7f4f93d02000 ---p 00000000 00:00 0 
7f4f93d02000-7f4f94000000 rw-p 00000000 00:00 0 
7f4f94000000-7f4f959c1000 rw-p 00000000 00:00 0 
7f4f959c1000-7f4f98000000 ---p 00000000 00:00 0 
7f4f98000000-7f4f9839a000 rw-p 00000000 00:00 0 
7f4f9839a000-7f4f9c000000 ---p 00000000 00:00 0 
7f4f9c000000-7f4f9c021000 rw-p 00000000 00:00 0 
7f4f9c021000-7f4fa0000000 ---p 00000000 00:00 0 
7f4fa00fe000-7f4fa0101000 ---p 00000000 00:00 0 
7f4fa0101000-7f4fa03ff000 rw-p 00000000 00:00 0 
7f4fa03ff000-7f4fa05ff000 rw-p 00000000 00:00 0 
7f4fa05ff000-7f4fa07ff000 rw-p 00000000 00:00 0 
7f4fa07ff000-7f4fa09ff000 rw-p 00000000 00:00 0 
7f4fa09ff000-7f4fa0bff000 rw-p 00000000 00:00 0 
7f4fa0bff000-7f4fa0dff000 rw-p 00000000 00:00 0 
7f4fa0dff000-7f4fa0fff000 rw-p 00000000 00:00 0 
7f4fa0fff000-7f4fa4000000 rw-p 00000000 00:00 0 
7f4fa4000000-7f4fa4021000 rw-p 00000000 00:00 0 
7f4fa4021000-7f4fa8000000 ---p 00000000 00:00 0 
7f4fa8000000-7f4fa8021000 rw-p 00000000 00:00 0 
7f4fa8021000-7f4fac000000 ---p 00000000 00:00 0 
7f4fac000000-7f4fae3eb000 rw-p 00000000 00:00 0 
7f4fae3eb000-7f4fb0000000 ---p 00000000 00:00 0 
7f4fb0000000-7f4fb15f0000 rw-p 00000000 00:00 0 
7f4fb15f0000-7f4fb4000000 ---p 00000000 00:00 0 
7f4fb4000000-7f4fb4021000 rw-p 00000000 00:00 0 
7f4fb4021000-7f4fb8000000 ---p 00000000 00:00 0 
7f4fb8000000-7f4fb97a1000 rw-p 00000000 00:00 0 
7f4fb97a1000-7f4fbc000000 ---p 00000000 00:00 0 
7f4fbc000000-7f4fbc021000 rw-p 00000000 00:00 0 
7f4fbc021000-7f4fc0000000 ---p 00000000 00:00 0 
7f4fc0000000-7f4fc0021000 rw-p 00000000 00:00 0 
7f4fc0021000-7f4fc4000000 ---p 00000000 00:00 0 
7f4fc4000000-7f4fc4021000 rw-p 00000000 00:00 0 
7f4fc4021000-7f4fc8000000 ---p 00000000 00:00 0 
7f4fc8000000-7f4fc808a000 rw-p 00000000 00:00 0 
7f4fc808a000-7f4fcc000000 ---p 00000000 00:00 0 
7f4fcc000000-7f4fcc039000 rw-p 00000000 00:00 0 
7f4fcc039000-7f4fd0000000 ---p 00000000 00:00 0 
7f4fd0000000-7f4fd0021000 rw-p 00000000 00:00 0 
7f4fd0021000-7f4fd4000000 ---p 00000000 00:00 0 
7f4fd4000000-7f4fd4021000 rw-p 00000000 00:00 0 
7f4fd4021000-7f4fd8000000 ---p 00000000 00:00 0 
7f4fd800a000-7f4fd800f000 r--s 002f9000 08:01 13247670                   /usr/lib/jvm/java-8-openjdk-amd64/jre/lib/charsets.jar
7f4fd800f000-7f4fd8011000 r--s 00016000 08:01 13247673                   /usr/lib/jvm/java-8-openjdk-amd64/jre/lib/jce.jar
7f4fd8011000-7f4fd8016000 r--s 000a3000 08:01 13247666                   /usr/lib/jvm/java-8-openjdk-amd64/jre/lib/jsse.jar
7f4fd8016000-7f4fd801f000 r-xp 00000000 08:01 13374780                   /usr/lib/jvm/java-8-openjdk-amd64/jre/lib/amd64/libmanagement.so
7f4fd801f000-7f4fd821e000 ---p 00009000 08:01 13374780                   /usr/lib/jvm/java-8-openjdk-amd64/jre/lib/amd64/libmanagement.so
7f4fd821e000-7f4fd821f000 r--p 00008000 08:01 13374780                   /usr/lib/jvm/java-8-openjdk-amd64/jre/lib/amd64/libmanagement.so
7f4fd821f000-7f4fd8220000 rw-p 00009000 08:01 13374780                   /usr/lib/jvm/java-8-openjdk-amd64/jre/lib/amd64/libmanagement.so
7f4fd8220000-7f4fd8420000 rw-p 00000000 00:00 0 
7f4fd8420000-7f4fd8620000 rw-p 00000000 00:00 0 
7f4fd8620000-7f4fd8623000 ---p 00000000 00:00 0 
7f4fd8623000-7f4fd8721000 rw-p 00000000 00:00 0 
7f4fd8721000-7f4fd8724000 ---p 00000000 00:00 0 
7f4fd8724000-7f4fd8822000 rw-p 00000000 00:00 0 
7f4fd8822000-7f4fd8825000 ---p 00000000 00:00 0 
7f4fd8825000-7f4fd8923000 rw-p 00000000 00:00 0 
7f4fd8923000-7f4fd892a000 r--s 00000000 08:01 13372076                   /usr/lib/x86_64-linux-gnu/gconv/gconv-modules.cache
7f4fd892a000-7f4fd894b000 r--p 00000000 08:01 14946806                   /usr/share/locale-langpack/pt_BR/LC_MESSAGES/libc.mo
7f4fd894b000-7f4fd894c000 r--s 00005000 08:01 26871822                   /home/thayanna/.m2/repository/org/springframework/spring-jcl/5.2.3.RELEASE/spring-jcl-5.2.3.RELEASE.jar
7f4fd894c000-7f4fd8967000 r--s 00144000 08:01 26871820                   /home/thayanna/.m2/repository/org/springframework/spring-core/5.2.3.RELEASE/spring-core-5.2.3.RELEASE.jar
7f4fd8967000-7f4fd896b000 r--s 00019000 08:01 26871786                   /home/thayanna/.m2/repository/jakarta/xml/bind/jakarta.xml.bind-api/2.3.2/jakarta.xml.bind-api-2.3.2.jar
7f4fd896b000-7f4fd8984000 r--s 00227000 08:01 26871770                   /home/thayanna/.m2/repository/mysql/mysql-connector-java/8.0.19/mysql-connector-java-8.0.19.jar
7f4fd8984000-7f4fd89ac000 r--s 0012c000 08:01 26871768                   /home/thayanna/.m2/repository/org/springframework/boot/spring-boot-autoconfigure/2.2.4.RELEASE/spring-boot-autoconfigure-2.2.4.RELEASE.jar
7f4fd89ac000-7f4fd89c3000 r--s 000e8000 08:01 26871766                   /home/thayanna/.m2/repository/org/springframework/boot/spring-boot/2.2.4.RELEASE/spring-boot-2.2.4.RELEASE.jar
7f4fd89c3000-7f4fd89c9000 r--s 00030000 08:01 26871764                   /home/thayanna/.m2/repository/org/springframework/boot/spring-boot-devtools/2.2.4.RELEASE/spring-boot-devtools-2.2.4.RELEASE.jar
7f4fd89c9000-7f4fd89ce000 r--s 00040000 08:01 26871762                   /home/thayanna/.m2/repository/org/springframework/spring-expression/5.2.3.RELEASE/spring-expression-5.2.3.RELEASE.jar
7f4fd89ce000-7f4fd89e1000 r--s 000d5000 08:01 26871760                   /home/thayanna/.m2/repository/org/springframework/spring-webmvc/5.2.3.RELEASE/spring-webmvc-5.2.3.RELEASE.jar
7f4fd89e1000-7f4fd89fd000 r--s 00141000 08:01 26871758                   /home/thayanna/.m2/repository/org/springframework/spring-web/5.2.3.RELEASE/spring-web-5.2.3.RELEASE.jar
7f4fd89fd000-7f4fd8a1a000 r--s 000fe000 08:01 26871756                   /home/thayanna/.m2/repository/org/hibernate/validator/hibernate-validator/6.0.18.Final/hibernate-validator-6.0.18.Final.jar
7f4fd8a1a000-7f4fd8a1f000 r--s 00012000 08:01 26871754                   /home/thayanna/.m2/repository/jakarta/validation/jakarta.validation-api/2.0.2/jakarta.validation-api-2.0.2.jar
7f4fd8a1f000-7f4fd8a20000 r--s 00000000 08:01 26871752                   /home/thayanna/.m2/repository/org/springframework/boot/spring-boot-starter-validation/2.2.4.RELEASE/spring-boot-starter-validation-2.2.4.RELEASE.jar
7f4fd8a20000-7f4fd8a25000 r--s 0003c000 08:01 26871750                   /home/thayanna/.m2/repository/org/apache/tomcat/embed/tomcat-embed-websocket/9.0.30/tomcat-embed-websocket-9.0.30.jar
7f4fd8a25000-7f4fd8a2a000 r--s 0003a000 08:01 26871748                   /home/thayanna/.m2/repository/org/apache/tomcat/embed/tomcat-embed-el/9.0.30/tomcat-embed-el-9.0.30.jar
7f4fd8a2a000-7f4fd8a54000 r--s 00301000 08:01 26871746                   /home/thayanna/.m2/repository/org/apache/tomcat/embed/tomcat-embed-core/9.0.30/tomcat-embed-core-9.0.30.jar
7f4fd8a54000-7f4fd8a55000 r--s 00000000 08:01 26871744                   /home/thayanna/.m2/repository/org/springframework/boot/spring-boot-starter-tomcat/2.2.4.RELEASE/spring-boot-starter-tomcat-2.2.4.RELEASE.jar
7f4fd8a55000-7f4fd8a57000 r--s 00001000 08:01 26871742                   /home/thayanna/.m2/repository/com/fasterxml/jackson/module/jackson-module-parameter-names/2.10.2/jackson-module-parameter-names-2.10.2.jar
7f4fd8a57000-7f4fd8a5a000 r--s 00017000 08:01 26871740                   /home/thayanna/.m2/repository/com/fasterxml/jackson/datatype/jackson-datatype-jsr310/2.10.2/jackson-datatype-jsr310-2.10.2.jar
7f4fd8a5a000-7f4fd8a5c000 r--s 00007000 08:01 26871738                   /home/thayanna/.m2/repository/com/fasterxml/jackson/datatype/jackson-datatype-jdk8/2.10.2/jackson-datatype-jdk8-2.10.2.jar
7f4fd8a5c000-7f4fd8a61000 r--s 00051000 08:01 26871736                   /home/thayanna/.m2/repository/com/fasterxml/jackson/core/jackson-core/2.10.2/jackson-core-2.10.2.jar
7f4fd8a61000-7f4fd8a64000 r--s 0000e000 08:01 26871734                   /home/thayanna/.m2/repository/com/fasterxml/jackson/core/jackson-annotations/2.10.2/jackson-annotations-2.10.2.jar
7f4fd8a64000-7f4fd8a79000 r--s 00142000 08:01 26871732                   /home/thayanna/.m2/repository/com/fasterxml/jackson/core/jackson-databind/2.10.2/jackson-databind-2.10.2.jar
7f4fd8a79000-7f4fd8a7a000 r--s 00000000 08:01 26871730                   /home/thayanna/.m2/repository/org/springframework/boot/spring-boot-starter-json/2.2.4.RELEASE/spring-boot-starter-json-2.2.4.RELEASE.jar
7f4fd8a7a000-7f4fd8a81000 r--s 00044000 08:01 26871728                   /home/thayanna/.m2/repository/org/yaml/snakeyaml/1.25/snakeyaml-1.25.jar
7f4fd8a81000-7f4fd8a83000 r--s 00005000 08:01 26871726                   /home/thayanna/.m2/repository/jakarta/annotation/jakarta.annotation-api/1.3.5/jakarta.annotation-api-1.3.5.jar
7f4fd8a83000-7f4fd8a85000 r--s 00000000 08:01 26871724                   /home/thayanna/.m2/repository/org/slf4j/jul-to-slf4j/1.7.30/jul-to-slf4j-1.7.30.jar
7f4fd8a85000-7f4fd8a8b000 r--s 0003e000 08:01 26871722                   /home/thayanna/.m2/repository/org/apache/logging/log4j/log4j-api/2.12.1/log4j-api-2.12.1.jar
7f4fd8a8b000-7f4fd8a8d000 r--s 00003000 08:01 26871720                   /home/thayanna/.m2/repository/org/apache/logging/log4j/log4j-to-slf4j/2.12.1/log4j-to-slf4j-2.12.1.jar
7f4fd8a8d000-7f4fd8a98000 r--s 00069000 08:01 26870454                   /home/thayanna/.m2/repository/ch/qos/logback/logback-core/1.2.3/logback-core-1.2.3.jar
7f4fd8a98000-7f4fd8a9e000 r--s 00041000 08:01 26870452                   /home/thayanna/.m2/repository/ch/qos/logback/logback-classic/1.2.3/logback-classic-1.2.3.jar
7f4fd8a9e000-7f4fd8a9f000 r--s 00000000 08:01 26871718                   /home/thayanna/.m2/repository/org/springframework/boot/spring-boot-starter-logging/2.2.4.RELEASE/spring-boot-starter-logging-2.2.4.RELEASE.jar
7f4fd8a9f000-7f4fd8aa0000 r--s 00000000 08:01 26871716                   /home/thayanna/.m2/repository/org/springframework/boot/spring-boot-starter/2.2.4.RELEASE/spring-boot-starter-2.2.4.RELEASE.jar
7f4fd8aa0000-7f4fd8aa1000 r--s 00000000 08:01 26871714                   /home/thayanna/.m2/repository/org/springframework/boot/spring-boot-starter-web/2.2.4.RELEASE/spring-boot-starter-web-2.2.4.RELEASE.jar
7f4fd8aa1000-7f4fd8aa3000 r--s 0000a000 08:01 26871712                   /home/thayanna/.m2/repository/org/springframework/spring-aspects/5.2.3.RELEASE/spring-aspects-5.2.3.RELEASE.jar
7f4fd8aa3000-7f4fd8aa5000 r--s 00009000 08:01 26871710                   /home/thayanna/.m2/repository/org/slf4j/slf4j-api/1.7.30/slf4j-api-1.7.30.jar
7f4fd8aa5000-7f4fd8ab2000 r--s 0009b000 08:01 26871708                   /home/thayanna/.m2/repository/org/springframework/spring-beans/5.2.3.RELEASE/spring-beans-5.2.3.RELEASE.jar
7f4fd8ab2000-7f4fd8abb000 r--s 00044000 08:01 26871706                   /home/thayanna/.m2/repository/org/springframework/spring-tx/5.2.3.RELEASE/spring-tx-5.2.3.RELEASE.jar
7f4fd8abb000-7f4fd8ad7000 r--s 0010f000 08:01 26871704                   /home/thayanna/.m2/repository/org/springframework/spring-context/5.2.3.RELEASE/spring-context-5.2.3.RELEASE.jar
7f4fd8ad7000-7f4fd8adc000 r--s 0002d000 08:01 26871702                   /home/thayanna/.m2/repository/org/springframework/spring-orm/5.2.3.RELEASE/spring-orm-5.2.3.RELEASE.jar
7f4fd8adc000-7f4fd8af5000 r--s 00110000 08:01 26871700                   /home/thayanna/.m2/repository/org/springframework/data/spring-data-commons/2.2.4.RELEASE/spring-data-commons-2.2.4.RELEASE.jar
7f4fd8af5000-7f4fd8afe000 r--s 00051000 08:01 26871698                   /home/thayanna/.m2/repository/org/springframework/data/spring-data-jpa/2.2.4.RELEASE/spring-data-jpa-2.2.4.RELEASE.jar
7f4fd8afe000-7f4fd8b03000 r--s 00049000 08:01 26871696                   /home/thayanna/.m2/repository/com/sun/xml/fastinfoset/FastInfoset/1.2.16/FastInfoset-1.2.16.jar
7f4fd8b03000-7f4fd8b05000 r--s 00008000 08:01 26871694                   /home/thayanna/.m2/repository/org/jvnet/staxex/stax-ex/1.8.1/stax-ex-1.8.1.jar
7f4fd8b05000-7f4fd8b07000 r--s 00005000 08:01 26871692                   /home/thayanna/.m2/repository/com/sun/istack/istack-commons-runtime/3.0.8/istack-commons-runtime-3.0.8.jar
7f4fd8b07000-7f4fd8b09000 r--s 00010000 08:01 26871690                   /home/thayanna/.m2/repository/org/glassfish/jaxb/txw2/2.3.2/txw2-2.3.2.jar
7f4fd8b09000-7f4fd8b1e000 r--s 000e3000 08:01 26871688                   /home/thayanna/.m2/repository/org/glassfish/jaxb/jaxb-runtime/2.3.2/jaxb-runtime-2.3.2.jar
7f4fd8b1e000-7f4fd8b21000 r--s 00010000 08:01 26871686                   /home/thayanna/.m2/repository/org/hibernate/common/hibernate-commons-annotations/5.1.0.Final/hibernate-commons-annotations-5.1.0.Final.jar
7f4fd8b21000-7f4fd8b69000 r--s 002e9000 08:01 26871680                   /home/thayanna/.m2/repository/net/bytebuddy/byte-buddy/1.10.6/byte-buddy-1.10.6.jar
7f4fd8b69000-7f4fd8bee000 r--s 0064f000 08:01 26871674                   /home/thayanna/.m2/repository/org/hibernate/hibernate-core/5.4.10.Final/hibernate-core-5.4.10.Final.jar
7f4fd8bee000-7f4fd8c05000 r-xp 00000000 08:01 13374784                   /usr/lib/jvm/java-8-openjdk-amd64/jre/lib/amd64/libnet.so
7f4fd8c05000-7f4fd8e04000 ---p 00017000 08:01 13374784                   /usr/lib/jvm/java-8-openjdk-amd64/jre/lib/amd64/libnet.so
7f4fd8e04000-7f4fd8e05000 r--p 00016000 08:01 13374784                   /usr/lib/jvm/java-8-openjdk-amd64/jre/lib/amd64/libnet.so
7f4fd8e05000-7f4fd8e06000 rw-p 00017000 08:01 13374784                   /usr/lib/jvm/java-8-openjdk-amd64/jre/lib/amd64/libnet.so
7f4fd8e06000-7f4fd8e17000 r-xp 00000000 08:01 13374789                   /usr/lib/jvm/java-8-openjdk-amd64/jre/lib/amd64/libnio.so
7f4fd8e17000-7f4fd9017000 ---p 00011000 08:01 13374789                   /usr/lib/jvm/java-8-openjdk-amd64/jre/lib/amd64/libnio.so
7f4fd9017000-7f4fd9018000 r--p 00011000 08:01 13374789                   /usr/lib/jvm/java-8-openjdk-amd64/jre/lib/amd64/libnio.so
7f4fd9018000-7f4fd9019000 rw-p 00012000 08:01 13374789                   /usr/lib/jvm/java-8-openjdk-amd64/jre/lib/amd64/libnio.so
7f4fd9019000-7f4fd901a000 ---p 00000000 00:00 0 
7f4fd901a000-7f4fd911a000 rw-p 00000000 00:00 0 
7f4fd911a000-7f4fd911d000 ---p 00000000 00:00 0 
7f4fd911d000-7f4fd921b000 rw-p 00000000 00:00 0 
7f4fd921b000-7f4fd921e000 ---p 00000000 00:00 0 
7f4fd921e000-7f4fd931c000 rw-p 00000000 00:00 0 
7f4fd931c000-7f4fd931f000 ---p 00000000 00:00 0 
7f4fd931f000-7f4fd941d000 rw-p 00000000 00:00 0 
7f4fd941d000-7f4fd9420000 ---p 00000000 00:00 0 
7f4fd9420000-7f4fd951e000 rw-p 00000000 00:00 0 
7f4fd951e000-7f4fd9521000 ---p 00000000 00:00 0 
7f4fd9521000-7f4fd961f000 rw-p 00000000 00:00 0 
7f4fd961f000-7f4fd9fde000 r--p 00000000 08:01 13114307                   /usr/lib/locale/locale-archive
7f4fd9fde000-7f4fd9fe1000 ---p 00000000 00:00 0 
7f4fd9fe1000-7f4fda0df000 rw-p 00000000 00:00 0 
7f4fda0df000-7f4fda0e2000 ---p 00000000 00:00 0 
7f4fda0e2000-7f4fda1e0000 rw-p 00000000 00:00 0 
7f4fda1e0000-7f4fda1e1000 ---p 00000000 00:00 0 
7f4fda1e1000-7f4fdd000000 rw-p 00000000 00:00 0 
7f4fdd000000-7f4fddcb0000 rwxp 00000000 00:00 0 
7f4fddcb0000-7f4fec000000 ---p 00000000 00:00 0 
7f4fec000000-7f4fec62f000 rw-p 00000000 00:00 0 
7f4fec62f000-7f4ff0000000 ---p 00000000 00:00 0 
7f4ff0000000-7f4ff0005000 r--s 0004b000 08:01 26870506                   /home/thayanna/.m2/repository/org/dom4j/dom4j/2.1.1/dom4j-2.1.1.jar
7f4ff0005000-7f4ff0007000 r--s 0000f000 08:01 26871684                   /home/thayanna/.m2/repository/com/fasterxml/classmate/1.5.1/classmate-1.5.1.jar
7f4ff0007000-7f4ff000a000 r--s 0002d000 08:01 26871682                   /home/thayanna/.m2/repository/org/jboss/jandex/2.1.1.Final/jandex-2.1.1.Final.jar
7f4ff000a000-7f4ff000f000 r--s 00068000 08:01 26870500                   /home/thayanna/.m2/repository/antlr/antlr/2.7.7/antlr-2.7.7.jar
7f4ff000f000-7f4ff0019000 r--s 000b4000 08:01 26871678                   /home/thayanna/.m2/repository/org/javassist/javassist/3.24.0-GA/javassist-3.24.0-GA.jar
7f4ff0019000-7f4ff001b000 r--s 0000d000 08:01 26871676                   /home/thayanna/.m2/repository/org/jboss/logging/jboss-logging/3.4.1.Final/jboss-logging-3.4.1.Final.jar
7f4ff001b000-7f4ff001c000 r--s 00003000 08:01 26871672                   /home/thayanna/.m2/repository/jakarta/transaction/jakarta.transaction-api/1.3.3/jakarta.transaction-api-1.3.3.jar
7f4ff001c000-7f4ff0022000 r--s 00023000 08:01 26871670                   /home/thayanna/.m2/repository/jakarta/persistence/jakarta.persistence-api/2.2.3/jakarta.persistence-api-2.2.3.jar
7f4ff0022000-7f4ff0024000 r--s 00009000 08:01 26871668                   /home/thayanna/.m2/repository/jakarta/activation/jakarta.activation-api/1.2.1/jakarta.activation-api-1.2.1.jar
7f4ff0024000-7f4ff002e000 r--s 0005a000 08:01 26871666                   /home/thayanna/.m2/repository/org/springframework/spring-jdbc/5.2.3.RELEASE/spring-jdbc-5.2.3.RELEASE.jar
7f4ff002e000-7f4ff0031000 r--s 00023000 08:01 26871664                   /home/thayanna/.m2/repository/com/zaxxer/HikariCP/3.4.2/HikariCP-3.4.2.jar
7f4ff0031000-7f4ff0032000 r--s 00000000 08:01 26871662                   /home/thayanna/.m2/repository/org/springframework/boot/spring-boot-starter-jdbc/2.2.4.RELEASE/spring-boot-starter-jdbc-2.2.4.RELEASE.jar
7f4ff0032000-7f4ff004b000 r--s 001da000 08:01 26871660                   /home/thayanna/.m2/repository/org/aspectj/aspectjweaver/1.9.5/aspectjweaver-1.9.5.jar
7f4ff004b000-7f4ff0054000 r--s 00052000 08:01 26871658                   /home/thayanna/.m2/repository/org/springframework/spring-aop/5.2.3.RELEASE/spring-aop-5.2.3.RELEASE.jar
7f4ff0054000-7f4ff0055000 r--s 00000000 08:01 26871656                   /home/thayanna/.m2/repository/org/springframework/boot/spring-boot-starter-aop/2.2.4.RELEASE/spring-boot-starter-aop-2.2.4.RELEASE.jar
7f4ff0055000-7f4ff0056000 r--s 00000000 08:01 26871654                   /home/thayanna/.m2/repository/org/springframework/boot/spring-boot-starter-data-jpa/2.2.4.RELEASE/spring-boot-starter-data-jpa-2.2.4.RELEASE.jar
7f4ff0056000-7f4ff0059000 r--s 0000f000 08:01 13374747                   /usr/lib/jvm/java-8-openjdk-amd64/jre/lib/ext/icedtea-sound.jar
7f4ff0059000-7f4ff005a000 r--s 0000d000 08:01 13374745                   /usr/lib/jvm/java-8-openjdk-amd64/jre/lib/ext/sunec.jar
7f4ff005a000-7f4ff0075000 r--s 00394000 08:01 13374741                   /usr/lib/jvm/java-8-openjdk-amd64/jre/lib/ext/cldrdata.jar
7f4ff0075000-7f4ff0090000 r--s 001d6000 08:01 13374738                   /usr/lib/jvm/java-8-openjdk-amd64/jre/lib/ext/nashorn.jar
7f4ff0090000-7f4ff0141000 rw-p 00000000 00:00 0 
7f4ff0141000-7f4ff0311000 r--s 03c68000 08:01 13247669                   /usr/lib/jvm/java-8-openjdk-amd64/jre/lib/rt.jar
7f4ff0311000-7f4ff0d68000 rw-p 00000000 00:00 0 
7f4ff0d68000-7f4ff0d69000 ---p 00000000 00:00 0 
7f4ff0d69000-7f4ff0e69000 rw-p 00000000 00:00 0 
7f4ff0e69000-7f4ff0e6a000 ---p 00000000 00:00 0 
7f4ff0e6a000-7f4ff0f6a000 rw-p 00000000 00:00 0 
7f4ff0f6a000-7f4ff0f6b000 ---p 00000000 00:00 0 
7f4ff0f6b000-7f4ff106b000 rw-p 00000000 00:00 0 
7f4ff106b000-7f4ff106c000 ---p 00000000 00:00 0 
7f4ff106c000-7f4ff1183000 rw-p 00000000 00:00 0 
7f4ff1183000-7f4ff12ad000 ---p 00000000 00:00 0 
7f4ff12ad000-7f4ff12c4000 rw-p 00000000 00:00 0 
7f4ff12c4000-7f4ff13ed000 ---p 00000000 00:00 0 
7f4ff13ed000-7f4ff144a000 rw-p 00000000 00:00 0 
7f4ff144a000-7f4ff148e000 ---p 00000000 00:00 0 
7f4ff148e000-7f4ff14c2000 rw-p 00000000 00:00 0 
7f4ff14c2000-7f4ff184f000 ---p 00000000 00:00 0 
7f4ff184f000-7f4ff1857000 r-xp 00000000 08:01 13374770                   /usr/lib/jvm/java-8-openjdk-amd64/jre/lib/amd64/libzip.so
7f4ff1857000-7f4ff1a56000 ---p 00008000 08:01 13374770                   /usr/lib/jvm/java-8-openjdk-amd64/jre/lib/amd64/libzip.so
7f4ff1a56000-7f4ff1a57000 r--p 00007000 08:01 13374770                   /usr/lib/jvm/java-8-openjdk-amd64/jre/lib/amd64/libzip.so
7f4ff1a57000-7f4ff1a58000 rw-p 00008000 08:01 13374770                   /usr/lib/jvm/java-8-openjdk-amd64/jre/lib/amd64/libzip.so
7f4ff1a58000-7f4ff1a63000 r-xp 00000000 08:01 24646322                   /lib/x86_64-linux-gnu/libnss_files-2.23.so
7f4ff1a63000-7f4ff1c62000 ---p 0000b000 08:01 24646322                   /lib/x86_64-linux-gnu/libnss_files-2.23.so
7f4ff1c62000-7f4ff1c63000 r--p 0000a000 08:01 24646322                   /lib/x86_64-linux-gnu/libnss_files-2.23.so
7f4ff1c63000-7f4ff1c64000 rw-p 0000b000 08:01 24646322                   /lib/x86_64-linux-gnu/libnss_files-2.23.so
7f4ff1c64000-7f4ff1c6a000 rw-p 00000000 00:00 0 
7f4ff1c6a000-7f4ff1c75000 r-xp 00000000 08:01 24646332                   /lib/x86_64-linux-gnu/libnss_nis-2.23.so
7f4ff1c75000-7f4ff1e74000 ---p 0000b000 08:01 24646332                   /lib/x86_64-linux-gnu/libnss_nis-2.23.so
7f4ff1e74000-7f4ff1e75000 r--p 0000a000 08:01 24646332                   /lib/x86_64-linux-gnu/libnss_nis-2.23.so
7f4ff1e75000-7f4ff1e76000 rw-p 0000b000 08:01 24646332                   /lib/x86_64-linux-gnu/libnss_nis-2.23.so
7f4ff1e76000-7f4ff1e8c000 r-xp 00000000 08:01 24646316                   /lib/x86_64-linux-gnu/libnsl-2.23.so
7f4ff1e8c000-7f4ff208b000 ---p 00016000 08:01 24646316                   /lib/x86_64-linux-gnu/libnsl-2.23.so
7f4ff208b000-7f4ff208c000 r--p 00015000 08:01 24646316                   /lib/x86_64-linux-gnu/libnsl-2.23.so
7f4ff208c000-7f4ff208d000 rw-p 00016000 08:01 24646316                   /lib/x86_64-linux-gnu/libnsl-2.23.so
7f4ff208d000-7f4ff208f000 rw-p 00000000 00:00 0 
7f4ff208f000-7f4ff2097000 r-xp 00000000 08:01 24646318                   /lib/x86_64-linux-gnu/libnss_compat-2.23.so
7f4ff2097000-7f4ff2296000 ---p 00008000 08:01 24646318                   /lib/x86_64-linux-gnu/libnss_compat-2.23.so
7f4ff2296000-7f4ff2297000 r--p 00007000 08:01 24646318                   /lib/x86_64-linux-gnu/libnss_compat-2.23.so
7f4ff2297000-7f4ff2298000 rw-p 00008000 08:01 24646318                   /lib/x86_64-linux-gnu/libnss_compat-2.23.so
7f4ff2298000-7f4ff22c1000 r-xp 00000000 08:01 13374782                   /usr/lib/jvm/java-8-openjdk-amd64/jre/lib/amd64/libjava.so
7f4ff22c1000-7f4ff24c1000 ---p 00029000 08:01 13374782                   /usr/lib/jvm/java-8-openjdk-amd64/jre/lib/amd64/libjava.so
7f4ff24c1000-7f4ff24c2000 r--p 00029000 08:01 13374782                   /usr/lib/jvm/java-8-openjdk-amd64/jre/lib/amd64/libjava.so
7f4ff24c2000-7f4ff24c4000 rw-p 0002a000 08:01 13374782                   /usr/lib/jvm/java-8-openjdk-amd64/jre/lib/amd64/libjava.so
7f4ff24c4000-7f4ff24d3000 r-xp 00000000 08:01 13374766                   /usr/lib/jvm/java-8-openjdk-amd64/jre/lib/amd64/libverify.so
7f4ff24d3000-7f4ff26d2000 ---p 0000f000 08:01 13374766                   /usr/lib/jvm/java-8-openjdk-amd64/jre/lib/amd64/libverify.so
7f4ff26d2000-7f4ff26d4000 r--p 0000e000 08:01 13374766                   /usr/lib/jvm/java-8-openjdk-amd64/jre/lib/amd64/libverify.so
7f4ff26d4000-7f4ff26d5000 rw-p 00010000 08:01 13374766                   /usr/lib/jvm/java-8-openjdk-amd64/jre/lib/amd64/libverify.so
7f4ff26d5000-7f4ff26dc000 r-xp 00000000 08:01 24646377                   /lib/x86_64-linux-gnu/librt-2.23.so
7f4ff26dc000-7f4ff28db000 ---p 00007000 08:01 24646377                   /lib/x86_64-linux-gnu/librt-2.23.so
7f4ff28db000-7f4ff28dc000 r--p 00006000 08:01 24646377                   /lib/x86_64-linux-gnu/librt-2.23.so
7f4ff28dc000-7f4ff28dd000 rw-p 00007000 08:01 24646377                   /lib/x86_64-linux-gnu/librt-2.23.so
7f4ff28dd000-7f4ff28f3000 r-xp 00000000 08:01 24646261                   /lib/x86_64-linux-gnu/libgcc_s.so.1
7f4ff28f3000-7f4ff2af2000 ---p 00016000 08:01 24646261                   /lib/x86_64-linux-gnu/libgcc_s.so.1
7f4ff2af2000-7f4ff2af3000 rw-p 00015000 08:01 24646261                   /lib/x86_64-linux-gnu/libgcc_s.so.1
7f4ff2af3000-7f4ff2bfb000 r-xp 00000000 08:01 24646293                   /lib/x86_64-linux-gnu/libm-2.23.so
7f4ff2bfb000-7f4ff2dfa000 ---p 00108000 08:01 24646293                   /lib/x86_64-linux-gnu/libm-2.23.so
7f4ff2dfa000-7f4ff2dfb000 r--p 00107000 08:01 24646293                   /lib/x86_64-linux-gnu/libm-2.23.so
7f4ff2dfb000-7f4ff2dfc000 rw-p 00108000 08:01 24646293                   /lib/x86_64-linux-gnu/libm-2.23.so
7f4ff2dfc000-7f4ff2f6e000 r-xp 00000000 08:01 13109418                   /usr/lib/x86_64-linux-gnu/libstdc++.so.6.0.21
7f4ff2f6e000-7f4ff316e000 ---p 00172000 08:01 13109418                   /usr/lib/x86_64-linux-gnu/libstdc++.so.6.0.21
7f4ff316e000-7f4ff3178000 r--p 00172000 08:01 13109418                   /usr/lib/x86_64-linux-gnu/libstdc++.so.6.0.21
7f4ff3178000-7f4ff317a000 rw-p 0017c000 08:01 13109418                   /usr/lib/x86_64-linux-gnu/libstdc++.so.6.0.21
7f4ff317a000-7f4ff317e000 rw-p 00000000 00:00 0 
7f4ff317e000-7f4ff3de6000 r-xp 00000000 08:01 13374786                   /usr/lib/jvm/java-8-openjdk-amd64/jre/lib/amd64/server/libjvm.so
7f4ff3de6000-7f4ff3fe6000 ---p 00c68000 08:01 13374786                   /usr/lib/jvm/java-8-openjdk-amd64/jre/lib/amd64/server/libjvm.so
7f4ff3fe6000-7f4ff407a000 r--p 00c68000 08:01 13374786                   /usr/lib/jvm/java-8-openjdk-amd64/jre/lib/amd64/server/libjvm.so
7f4ff407a000-7f4ff40a3000 rw-p 00cfc000 08:01 13374786                   /usr/lib/jvm/java-8-openjdk-amd64/jre/lib/amd64/server/libjvm.so
7f4ff40a3000-7f4ff40d3000 rw-p 00000000 00:00 0 
7f4ff40d3000-7f4ff40eb000 r-xp 00000000 08:01 24646369                   /lib/x86_64-linux-gnu/libpthread-2.23.so
7f4ff40eb000-7f4ff42ea000 ---p 00018000 08:01 24646369                   /lib/x86_64-linux-gnu/libpthread-2.23.so
7f4ff42ea000-7f4ff42eb000 r--p 00017000 08:01 24646369                   /lib/x86_64-linux-gnu/libpthread-2.23.so
7f4ff42eb000-7f4ff42ec000 rw-p 00018000 08:01 24646369                   /lib/x86_64-linux-gnu/libpthread-2.23.so
7f4ff42ec000-7f4ff42f0000 rw-p 00000000 00:00 0 
7f4ff42f0000-7f4ff42f3000 r-xp 00000000 08:01 24646247                   /lib/x86_64-linux-gnu/libdl-2.23.so
7f4ff42f3000-7f4ff44f2000 ---p 00003000 08:01 24646247                   /lib/x86_64-linux-gnu/libdl-2.23.so
7f4ff44f2000-7f4ff44f3000 r--p 00002000 08:01 24646247                   /lib/x86_64-linux-gnu/libdl-2.23.so
7f4ff44f3000-7f4ff44f4000 rw-p 00003000 08:01 24646247                   /lib/x86_64-linux-gnu/libdl-2.23.so
7f4ff44f4000-7f4ff450d000 r-xp 00000000 08:01 24641754                   /lib/x86_64-linux-gnu/libz.so.1.2.8
7f4ff450d000-7f4ff470c000 ---p 00019000 08:01 24641754                   /lib/x86_64-linux-gnu/libz.so.1.2.8
7f4ff470c000-7f4ff470d000 r--p 00018000 08:01 24641754                   /lib/x86_64-linux-gnu/libz.so.1.2.8
7f4ff470d000-7f4ff470e000 rw-p 00019000 08:01 24641754                   /lib/x86_64-linux-gnu/libz.so.1.2.8
7f4ff470e000-7f4ff48ce000 r-xp 00000000 08:01 24646223                   /lib/x86_64-linux-gnu/libc-2.23.so
7f4ff48ce000-7f4ff4ace000 ---p 001c0000 08:01 24646223                   /lib/x86_64-linux-gnu/libc-2.23.so
7f4ff4ace000-7f4ff4ad2000 r--p 001c0000 08:01 24646223                   /lib/x86_64-linux-gnu/libc-2.23.so
7f4ff4ad2000-7f4ff4ad4000 rw-p 001c4000 08:01 24646223                   /lib/x86_64-linux-gnu/libc-2.23.so
7f4ff4ad4000-7f4ff4ad8000 rw-p 00000000 00:00 0 
7f4ff4ad8000-7f4ff4ae5000 r-xp 00000000 08:01 13374774                   /usr/lib/jvm/java-8-openjdk-amd64/jre/lib/amd64/jli/libjli.so
7f4ff4ae5000-7f4ff4ce5000 ---p 0000d000 08:01 13374774                   /usr/lib/jvm/java-8-openjdk-amd64/jre/lib/amd64/jli/libjli.so
7f4ff4ce5000-7f4ff4ce6000 r--p 0000d000 08:01 13374774                   /usr/lib/jvm/java-8-openjdk-amd64/jre/lib/amd64/jli/libjli.so
7f4ff4ce6000-7f4ff4ce7000 rw-p 0000e000 08:01 13374774                   /usr/lib/jvm/java-8-openjdk-amd64/jre/lib/amd64/jli/libjli.so
7f4ff4ce7000-7f4ff4d0d000 r-xp 00000000 08:01 24646195                   /lib/x86_64-linux-gnu/ld-2.23.so
7f4ff4d0d000-7f4ff4d0e000 r--s 0000a000 08:01 13374746                   /usr/lib/jvm/java-8-openjdk-amd64/jre/lib/ext/jaccess.jar
7f4ff4d0e000-7f4ff4d10000 r--s 00001000 08:01 13374743                   /usr/lib/jvm/java-8-openjdk-amd64/jre/lib/ext/dnsns.jar
7f4ff4d10000-7f4ff4d15000 r--s 0003d000 08:01 13374742                   /usr/lib/jvm/java-8-openjdk-amd64/jre/lib/ext/sunjce_provider.jar
7f4ff4d15000-7f4ff4d16000 r--s 00010000 08:01 13374744                   /usr/lib/jvm/java-8-openjdk-amd64/jre/lib/ext/zipfs.jar
7f4ff4d16000-7f4ff4dee000 rw-p 00000000 00:00 0 
7f4ff4dee000-7f4ff4df1000 ---p 00000000 00:00 0 
7f4ff4df1000-7f4ff4ef3000 rw-p 00000000 00:00 0 
7f4ff4ef3000-7f4ff4efd000 r--s 00116000 08:01 13374740                   /usr/lib/jvm/java-8-openjdk-amd64/jre/lib/ext/localedata.jar
7f4ff4efd000-7f4ff4f01000 r--s 0003a000 08:01 13374739                   /usr/lib/jvm/java-8-openjdk-amd64/jre/lib/ext/sunpkcs11.jar
7f4ff4f01000-7f4ff4f09000 rw-s 00000000 08:01 16908365                   /tmp/hsperfdata_thayanna/2390
7f4ff4f09000-7f4ff4f0a000 rw-p 00000000 00:00 0 
7f4ff4f0a000-7f4ff4f0b000 ---p 00000000 00:00 0 
7f4ff4f0b000-7f4ff4f0c000 rw-p 00000000 00:00 0 
7f4ff4f0c000-7f4ff4f0d000 r--p 00025000 08:01 24646195                   /lib/x86_64-linux-gnu/ld-2.23.so
7f4ff4f0d000-7f4ff4f0e000 rw-p 00026000 08:01 24646195                   /lib/x86_64-linux-gnu/ld-2.23.so
7f4ff4f0e000-7f4ff4f0f000 rw-p 00000000 00:00 0 
7fff3c0bc000-7fff3c0df000 rw-p 00000000 00:00 0                          [stack]
7fff3c0f1000-7fff3c0f4000 r--p 00000000 00:00 0                          [vvar]
7fff3c0f4000-7fff3c0f6000 r-xp 00000000 00:00 0                          [vdso]
ffffffffff600000-ffffffffff601000 r-xp 00000000 00:00 0                  [vsyscall]

VM Arguments:
jvm_args: -Dfile.encoding=UTF-8 
java_command: com.telefone.demo.DemoApplication
java_class_path (initial): /home/thayanna/git/questoesCABAL/funcionario/target/classes:/home/thayanna/.m2/repository/org/springframework/boot/spring-boot-starter-data-jpa/2.2.4.RELEASE/spring-boot-starter-data-jpa-2.2.4.RELEASE.jar:/home/thayanna/.m2/repository/org/springframework/boot/spring-boot-starter-aop/2.2.4.RELEASE/spring-boot-starter-aop-2.2.4.RELEASE.jar:/home/thayanna/.m2/repository/org/springframework/spring-aop/5.2.3.RELEASE/spring-aop-5.2.3.RELEASE.jar:/home/thayanna/.m2/repository/org/aspectj/aspectjweaver/1.9.5/aspectjweaver-1.9.5.jar:/home/thayanna/.m2/repository/org/springframework/boot/spring-boot-starter-jdbc/2.2.4.RELEASE/spring-boot-starter-jdbc-2.2.4.RELEASE.jar:/home/thayanna/.m2/repository/com/zaxxer/HikariCP/3.4.2/HikariCP-3.4.2.jar:/home/thayanna/.m2/repository/org/springframework/spring-jdbc/5.2.3.RELEASE/spring-jdbc-5.2.3.RELEASE.jar:/home/thayanna/.m2/repository/jakarta/activation/jakarta.activation-api/1.2.1/jakarta.activation-api-1.2.1.jar:/home/thayanna/.m2/repository/jakarta/persistence/jakarta.persistence-api/2.2.3/jakarta.persistence-api-2.2.3.jar:/home/thayanna/.m2/repository/jakarta/transaction/jakarta.transaction-api/1.3.3/jakarta.transaction-api-1.3.3.jar:/home/thayanna/.m2/repository/org/hibernate/hibernate-core/5.4.10.Final/hibernate-core-5.4.10.Final.jar:/home/thayanna/.m2/repository/org/jboss/logging/jboss-logging/3.4.1.Final/jboss-logging-3.4.1.Final.jar:/home/thayanna/.m2/repository/org/javassist/javassist/3.24.0-GA/javassist-3.24.0-GA.jar:/home/thayanna/.m2/repository/net/bytebuddy/byte-buddy/1.10.6/byte-buddy-1.10.6.jar:/home/thayanna/.m2/repository/antlr/antlr/2.7.7/antlr-2.7.7.jar:/home/thayanna/.m2/repository/org/jboss/jandex/2.1.1.Final/jandex-2.1.1.Final.jar:/home/thayanna/.m2/repository/com/fasterxml/classmate/1.5.1/classmate-1.5.1.jar:/home/thayanna/.m2/repository/org/dom4j/dom4j/2.1.1/dom4j-2.1.1.jar:/home/thayanna/.m2/repository/org/hibernate/common/hibernate-commons-annotations/5.1.0.Final/hibernate-commons
Launcher Type: SUN_STANDARD

Environment Variables:
PATH=/home/thayanna/bin:/home/thayanna/.local/bin:/usr/local/sbin:/usr/local/bin:/usr/sbin:/usr/bin:/sbin:/bin:/usr/games:/usr/local/games:/snap/bin
SHELL=/bin/bash
DISPLAY=:0

Signal Handlers:
SIGSEGV: [libjvm.so+0xa7b8f0], sa_mask[0]=11111111011111111101111111111110, sa_flags=SA_RESTART|SA_SIGINFO
SIGBUS: [libjvm.so+0xa7b8f0], sa_mask[0]=11111111011111111101111111111110, sa_flags=SA_RESTART|SA_SIGINFO
SIGFPE: [libjvm.so+0x8c3a90], sa_mask[0]=11111111011111111101111111111110, sa_flags=SA_RESTART|SA_SIGINFO
SIGPIPE: [libjvm.so+0x8c3a90], sa_mask[0]=11111111011111111101111111111110, sa_flags=SA_RESTART|SA_SIGINFO
SIGXFSZ: [libjvm.so+0x8c3a90], sa_mask[0]=11111111011111111101111111111110, sa_flags=SA_RESTART|SA_SIGINFO
SIGILL: [libjvm.so+0x8c3a90], sa_mask[0]=11111111011111111101111111111110, sa_flags=SA_RESTART|SA_SIGINFO
SIGUSR1: SIG_DFL, sa_mask[0]=00000000000000000000000000000000, sa_flags=none
SIGUSR2: [libjvm.so+0x8c3940], sa_mask[0]=00100000000000000000000000000000, sa_flags=SA_RESTART|SA_SIGINFO
SIGHUP: [libjvm.so+0x8c3fd0], sa_mask[0]=11111111011111111101111111111110, sa_flags=SA_RESTART|SA_SIGINFO
SIGINT: [libjvm.so+0x8c3fd0], sa_mask[0]=11111111011111111101111111111110, sa_flags=SA_RESTART|SA_SIGINFO
SIGTERM: [libjvm.so+0x8c3fd0], sa_mask[0]=11111111011111111101111111111110, sa_flags=SA_RESTART|SA_SIGINFO
SIGQUIT: [libjvm.so+0x8c3fd0], sa_mask[0]=11111111011111111101111111111110, sa_flags=SA_RESTART|SA_SIGINFO


---------------  S Y S T E M  ---------------

OS:DISTRIB_ID=Ubuntu
DISTRIB_RELEASE=16.04
DISTRIB_CODENAME=xenial
DISTRIB_DESCRIPTION="Ubuntu 16.04.6 LTS"

uname:Linux 4.15.0-72-generic #81~16.04.1-Ubuntu SMP Tue Nov 26 16:34:21 UTC 2019 x86_64
libc:glibc 2.23 NPTL 2.23 
rlimit: STACK 8192k, CORE 0k, NPROC 14925, NOFILE 1048576, AS infinity
load average:1,63 1,41 1,21

/proc/meminfo:
MemTotal:        3937396 kB
MemFree:          105608 kB
MemAvailable:      10208 kB
Buffers:            1044 kB
Cached:           339988 kB
SwapCached:            0 kB
Active:          3263240 kB
Inactive:         333480 kB
Active(anon):    3258180 kB
Inactive(anon):   327776 kB
Active(file):       5060 kB
Inactive(file):     5704 kB
Unevictable:          96 kB
Mlocked:              96 kB
SwapTotal:             0 kB
SwapFree:              0 kB
Dirty:                24 kB
Writeback:             0 kB
AnonPages:       3256236 kB
Mapped:           119076 kB
Shmem:            329816 kB
Slab:              89516 kB
SReclaimable:      40848 kB
SUnreclaim:        48668 kB
KernelStack:       14656 kB
PageTables:        53696 kB
NFS_Unstable:          0 kB
Bounce:                0 kB
WritebackTmp:          0 kB
CommitLimit:     1968696 kB
Committed_AS:    9147140 kB
VmallocTotal:   34359738367 kB
VmallocUsed:           0 kB
VmallocChunk:          0 kB
HardwareCorrupted:     0 kB
AnonHugePages:         0 kB
ShmemHugePages:        0 kB
ShmemPmdMapped:        0 kB
CmaTotal:              0 kB
CmaFree:               0 kB
HugePages_Total:       0
HugePages_Free:        0
HugePages_Rsvd:        0
HugePages_Surp:        0
Hugepagesize:       2048 kB
DirectMap4k:      223288 kB
DirectMap2M:     3868672 kB
DirectMap1G:     1048576 kB

container (cgroup) information:
container_type: cgroupv1
cpu_cpuset_cpus: 0-3
cpu_memory_nodes: 0
active_processor_count: 4
cpu_quota: -1
cpu_period: 100000
cpu_shares: -1
memory_limit_in_bytes: -1
memory_and_swap_limit_in_bytes: -2
memory_soft_limit_in_bytes: -1
memory_usage_in_bytes: 3682779136
memory_max_usage_in_bytes: 13586432


CPU:total 4 (initial active 4) (2 cores per cpu, 2 threads per core) family 6 model 61 stepping 4, cmov, cx8, fxsr, mmx, sse, sse2, sse3, ssse3, sse4.1, sse4.2, popcnt, avx, avx2, aes, clmul, erms, 3dnowpref, lzcnt, ht, tsc, tscinvbit, bmi1, bmi2, adx

/proc/cpuinfo:
processor	: 0
vendor_id	: GenuineIntel
cpu family	: 6
model		: 61
model name	: Intel(R) Core(TM) i5-5200U CPU @ 2.20GHz
stepping	: 4
microcode	: 0x2e
cpu MHz		: 2493.994
cache size	: 3072 KB
physical id	: 0
siblings	: 4
core id		: 0
cpu cores	: 2
apicid		: 0
initial apicid	: 0
fpu		: yes
fpu_exception	: yes
cpuid level	: 20
wp		: yes
flags		: fpu vme de pse tsc msr pae mce cx8 apic sep mtrr pge mca cmov pat pse36 clflush dts acpi mmx fxsr sse sse2 ss ht tm pbe syscall nx pdpe1gb rdtscp lm constant_tsc arch_perfmon pebs bts rep_good nopl xtopology nonstop_tsc cpuid aperfmperf pni pclmulqdq dtes64 monitor ds_cpl vmx est tm2 ssse3 sdbg fma cx16 xtpr pdcm pcid sse4_1 sse4_2 x2apic movbe popcnt tsc_deadline_timer aes xsave avx f16c rdrand lahf_lm abm 3dnowprefetch cpuid_fault epb invpcid_single pti ssbd ibrs ibpb stibp tpr_shadow vnmi flexpriority ept vpid fsgsbase tsc_adjust bmi1 avx2 smep bmi2 erms invpcid rdseed adx smap intel_pt xsaveopt dtherm ida arat pln pts md_clear flush_l1d
bugs		: cpu_meltdown spectre_v1 spectre_v2 spec_store_bypass l1tf mds swapgs itlb_multihit
bogomips	: 4389.42
clflush size	: 64
cache_alignment	: 64
address sizes	: 39 bits physical, 48 bits virtual
power management:

processor	: 1
vendor_id	: GenuineIntel
cpu family	: 6
model		: 61
model name	: Intel(R) Core(TM) i5-5200U CPU @ 2.20GHz
stepping	: 4
microcode	: 0x2e
cpu MHz		: 2493.987
cache size	: 3072 KB
physical id	: 0
siblings	: 4
core id		: 1
cpu cores	: 2
apicid		: 2
initial apicid	: 2
fpu		: yes
fpu_exception	: yes
cpuid level	: 20
wp		: yes
flags		: fpu vme de pse tsc msr pae mce cx8 apic sep mtrr pge mca cmov pat pse36 clflush dts acpi mmx fxsr sse sse2 ss ht tm pbe syscall nx pdpe1gb rdtscp lm constant_tsc arch_perfmon pebs bts rep_good nopl xtopology nonstop_tsc cpuid aperfmperf pni pclmulqdq dtes64 monitor ds_cpl vmx est tm2 ssse3 sdbg fma cx16 xtpr pdcm pcid sse4_1 sse4_2 x2apic movbe popcnt tsc_deadline_timer aes xsave avx f16c rdrand lahf_lm abm 3dnowprefetch cpuid_fault epb invpcid_single pti ssbd ibrs ibpb stibp tpr_shadow vnmi flexpriority ept vpid fsgsbase tsc_adjust bmi1 avx2 smep bmi2 erms invpcid rdseed adx smap intel_pt xsaveopt dtherm ida arat pln pts md_clear flush_l1d
bugs		: cpu_meltdown spectre_v1 spectre_v2 spec_store_bypass l1tf mds swapgs itlb_multihit
bogomips	: 4389.42
clflush size	: 64
cache_alignment	: 64
address sizes	: 39 bits physical, 48 bits virtual
power management:

processor	: 2
vendor_id	: GenuineIntel
cpu family	: 6
model		: 61
model name	: Intel(R) Core(TM) i5-5200U CPU @ 2.20GHz
stepping	: 4
microcode	: 0x2e
cpu MHz		: 2493.989
cache size	: 3072 KB
physical id	: 0
siblings	: 4
core id		: 0
cpu cores	: 2
apicid		: 1
initial apicid	: 1
fpu		: yes
fpu_exception	: yes
cpuid level	: 20
wp		: yes
flags		: fpu vme de pse tsc msr pae mce cx8 apic sep mtrr pge mca cmov pat pse36 clflush dts acpi mmx fxsr sse sse2 ss ht tm pbe syscall nx pdpe1gb rdtscp lm constant_tsc arch_perfmon pebs bts rep_good nopl xtopology nonstop_tsc cpuid aperfmperf pni pclmulqdq dtes64 monitor ds_cpl vmx est tm2 ssse3 sdbg fma cx16 xtpr pdcm pcid sse4_1 sse4_2 x2apic movbe popcnt tsc_deadline_timer aes xsave avx f16c rdrand lahf_lm abm 3dnowprefetch cpuid_fault epb invpcid_single pti ssbd ibrs ibpb stibp tpr_shadow vnmi flexpriority ept vpid fsgsbase tsc_adjust bmi1 avx2 smep bmi2 erms invpcid rdseed adx smap intel_pt xsaveopt dtherm ida arat pln pts md_clear flush_l1d
bugs		: cpu_meltdown spectre_v1 spectre_v2 spec_store_bypass l1tf mds swapgs itlb_multihit
bogomips	: 4389.42
clflush size	: 64
cache_alignment	: 64
address sizes	: 39 bits physical, 48 bits virtual
power management:

processor	: 3
vendor_id	: GenuineIntel
cpu family	: 6
model		: 61
model name	: Intel(R) Core(TM) i5-5200U CPU @ 2.20GHz
stepping	: 4
microcode	: 0x2e
cpu MHz		: 2493.994
cache size	: 3072 KB
physical id	: 0
siblings	: 4
core id		: 1
cpu cores	: 2
apicid		: 3
initial apicid	: 3
fpu		: yes
fpu_exception	: yes
cpuid level	: 20
wp		: yes
flags		: fpu vme de pse tsc msr pae mce cx8 apic sep mtrr pge mca cmov pat pse36 clflush dts acpi mmx fxsr sse sse2 ss ht tm pbe syscall nx pdpe1gb rdtscp lm constant_tsc arch_perfmon pebs bts rep_good nopl xtopology nonstop_tsc cpuid aperfmperf pni pclmulqdq dtes64 monitor ds_cpl vmx est tm2 ssse3 sdbg fma cx16 xtpr pdcm pcid sse4_1 sse4_2 x2apic movbe popcnt tsc_deadline_timer aes xsave avx f16c rdrand lahf_lm abm 3dnowprefetch cpuid_fault epb invpcid_single pti ssbd ibrs ibpb stibp tpr_shadow vnmi flexpriority ept vpid fsgsbase tsc_adjust bmi1 avx2 smep bmi2 erms invpcid rdseed adx smap intel_pt xsaveopt dtherm ida arat pln pts md_clear flush_l1d
bugs		: cpu_meltdown spectre_v1 spectre_v2 spec_store_bypass l1tf mds swapgs itlb_multihit
bogomips	: 4389.42
clflush size	: 64
cache_alignment	: 64
address sizes	: 39 bits physical, 48 bits virtual
power management:



Memory: 4k page, physical 3937396k(107408k free), swap 0k(0k free)

vm_info: OpenJDK 64-Bit Server VM (25.242-b08) for linux-amd64 JRE (1.8.0_242-8u242-b08-0ubuntu3~16.04-b08), built on Jan 18 2020 03:34:56 by "buildd" with gcc 5.4.0 20160609

time: Fri Feb 21 10:08:29 2020
timezone: -03
elapsed time: 10 seconds (0d 0h 0m 10s)

